[10] 5	0.000572081
[10] 15	0.000742936
[10] 25	0.000441196
[10] 35	0.000171961
[10] 45	0.000378026
[10] 55	0.000219223
[10] 70	0.000283009
[10] 85	0.000677832
[10] 100	0.000337625
[10] 110	0.000487948
[10] 115	0.000426188
[10] 125	0.000463822
[10] 135	0.000486562
[10] 145	0.00051174
[10] 155	0.000974292
[10] 160	0.000568725
[10] 170	0.000612509
[10] 180	0.00063042
[10] 190	0.000653774
[10] 200	0.000676273
[10] 205	0.000710493
[10] 215	0.000755475
[10] 225	0.000778377
[10] 235	0.000802754
[10] 245	0.000824658
[10] 250	0.000868285
[10] 260	0.000901263
[10] 270	0.000925536
[10] 280	0.000953228
[10] 290	0.000986042
[10] 295	0.00169763
[10] 305	0.00107372
[10] 315	0.00109468
[10] 325	0.00110089
[10] 335	0.00113481
[10] 340	0.00115525
[10] 350	0.00120271
[10] 360	0.00122737
[10] 370	0.00125171
[10] 380	0.00127543
[10] 385	0.00130474
[10] 395	0.00135708
[10] 405	0.00138074
[10] 415	0.00139899
[10] 425	0.00143535
[10] 430	0.00145854
[10] 440	0.00149598
[10] 450	0.00152031
[10] 460	0.0015566
[10] 470	0.0015758
[10] 475	0.00163748
[10] 485	0.00165876
[10] 495	0.00167196
[10] 505	0.00169218
[10] 515	0.0017384
[10] 520	0.00174297
[10] 530	0.00179014
[10] 540	0.00182003
[10] 550	0.00185039
[10] 560	0.00185975
[10] 565	0.00189629
[10] 575	0.00196471
[10] 585	0.00353782
[10] 595	0.00200224
[10] 605	0.00202645
[10] 610	0.00204422
[10] 620	0.00210831
[10] 630	0.00211972
[10] 640	0.00217947
[10] 650	0.00215487
[10] 655	0.00220847
[10] 665	0.00223028
[10] 675	0.00226945
[10] 685	0.00233266
[10] 695	0.0023284
[10] 700	0.00239289
[10] 710	0.00238618
[10] 720	0.00242349
[10] 730	0.00243518
[10] 740	0.00246737
[10] 745	0.00251605
[10] 755	0.00253333
[10] 765	0.00255735
[10] 775	0.00262852
[10] 785	0.00263513
[10] 790	0.00264719
[10] 800	0.00270724
[10] 810	0.00269817
[10] 820	0.00275038
[10] 830	0.00275253
[10] 835	0.00279682
[10] 845	0.00286389
[10] 855	0.00286507
[10] 865	0.00294584
[10] 875	0.00295881
[10] 880	0.00294974
[10] 890	0.00298153
[10] 900	0.00302105
[10] 910	0.0030421
[10] 920	0.0030494
[10] 925	0.00310652
[10] 935	0.00313739
[10] 945	0.00316862
[10] 955	0.00318664
[10] 965	0.00320097
[10] 970	0.00326097
[10] 980	0.00327775
[10] 990	0.00332261
[10] 1000	0.00336326
[10] 1010	0.00334998
[10] 1015	0.00342048
[10] 1025	0.00340588
[10] 1035	0.00346468
[10] 1045	0.00349509
[10] 1055	0.00347729
[10] 1060	0.00355821
[10] 1070	0.00361725
[10] 1080	0.00359693
[10] 1090	0.00367156
[10] 1100	0.00365226
[10] 1105	0.0036816
[10] 1115	0.00374737
[10] 1125	0.00374658
[10] 1135	0.00380065
[10] 1145	0.00383356
[10] 1150	0.00382177
[10] 1160	0.00695475
[10] 1170	0.00399815
[10] 1180	0.0039139
[10] 1190	0.0040179
[10] 1195	0.00406442
[10] 1205	0.0041054
[10] 1215	0.00405336
[10] 1225	0.00408345
[10] 1235	0.00412921
[10] 1240	0.00417281
[10] 1250	0.00419893
[10] 1260	0.00421946
[10] 1270	0.00426219
[10] 1280	0.00421448
[10] 1285	0.00434261
[10] 1295	0.0043781
[10] 1305	0.00436584
[10] 1315	0.00442174
[10] 1325	0.0044784
[10] 1330	0.00444417
[10] 1340	0.00450335
[10] 1350	0.00452968
[10] 1360	0.00451888
[10] 1370	0.00459034
[10] 1375	0.0045969
[10] 1385	0.00465393
[10] 1395	0.00471318
[10] 1405	0.00470823
[10] 1415	0.00471834
[10] 1420	0.00474646
[10] 1430	0.00482451
[10] 1440	0.00480453
[10] 1450	0.0048618
[10] 1460	0.00486704
[10] 1465	0.00495285
[10] 1475	0.00493891
[10] 1485	0.00498962
[10] 1495	0.00497068
[10] 1505	0.00502519
[10] 1510	0.00507916
[10] 1520	0.00511912
[10] 1530	0.00513974
[10] 1540	0.00514079
[10] 1550	0.00521276
[10] 1555	0.00520058
[10] 1565	0.0052723
[10] 1575	0.0053646
[10] 1585	0.00534306
[10] 1595	0.00533557
[10] 1600	0.00542061
[10] 1610	0.00541121
[10] 1620	0.00545726
[10] 1630	0.005506
[10] 1640	0.00546519
[10] 1645	0.00554718
[10] 1655	0.00561642
[10] 1665	0.00557049
[10] 1675	0.00563074
[10] 1685	0.00566422
[10] 1690	0.00562838
[10] 1700	0.00570918
[10] 1710	0.00578378
[10] 1720	0.00579562
[10] 1730	0.00576646
[10] 1735	0.00581082
[10] 1745	0.0058467
[10] 1755	0.00585975
[10] 1765	0.00591776
[10] 1775	0.00593958
[10] 1780	0.00592459
[10] 1790	0.00598426
[10] 1800	0.00607953
[10] 1810	0.00601784
[10] 1820	0.00607463
[10] 1825	0.00614168
[10] 1835	0.00607919
[10] 1845	0.00614606
[10] 1855	0.00613516
[10] 1865	0.00622096
[10] 1870	0.00629186
[10] 1880	0.0063273
[10] 1890	0.00633655
[10] 1900	0.00634358
[10] 1910	0.00637733
[10] 1915	0.00642498
[10] 1925	0.0064337
[10] 1935	0.00648549
[10] 1945	0.00649645
[10] 1955	0.00646369
[10] 1960	0.00656796
[10] 1970	0.00669056
[10] 1980	0.0066375
[10] 1990	0.00665464
[10] 2000	0.00663153
[10] 2005	0.00669863
[10] 2015	0.00671608
[10] 2025	0.00675215
[10] 2035	0.00678867
[10] 2045	0.00679905
[10] 2050	0.00682623
[10] 2060	0.00686065
[10] 2070	0.00684213
[10] 2080	0.00686337
[10] 2090	0.0069978
[10] 2095	0.00694533
[10] 2105	0.00700264
[10] 2115	0.00707596
[10] 2125	0.00705803
[10] 2135	0.0070303
[10] 2140	0.00714191
[10] 2150	0.00716212
[10] 2160	0.00717147
[10] 2170	0.00721646
[10] 2180	0.00728756
[10] 2185	0.0072599
[10] 2195	0.00729064
[10] 2205	0.00729949
[10] 2215	0.00738385
[10] 2225	0.00739344
[10] 2230	0.00743854
[10] 2240	0.00745342
[10] 2250	0.0075058
[10] 2260	0.00751102
[10] 2270	0.00752788
[10] 2275	0.00758444
[10] 2285	0.00766604
[10] 2295	0.00769238
[10] 2305	0.00768598
[10] 2315	0.0135331
[10] 2320	0.00771894
[10] 2330	0.00774805
[10] 2340	0.00773557
[10] 2350	0.00781437
[10] 2360	0.00785042
[10] 2365	0.00780999
[10] 2375	0.00793352
[10] 2385	0.00792502
[10] 2395	0.00792451
[10] 2405	0.00794302
[10] 2410	0.00801686
[10] 2420	0.00806782
[10] 2430	0.00806782
[10] 2440	0.00809908
[10] 2450	0.00810298
[10] 2455	0.00810302
[10] 2465	0.00817831
[10] 2475	0.00825395
[10] 2485	0.0082207
[10] 2495	0.00819575
[10] 2500	0.00834939
[10] 2510	0.00833823
[10] 2520	0.00839029
[10] 2530	0.00839244
[10] 2540	0.00840887
[10] 2545	0.0084261
[10] 2555	0.00848632
[10] 2565	0.00852515
[10] 2575	0.00857619
[10] 2585	0.00857603
[10] 2590	0.0085978
[10] 2600	0.00863786
[10] 2610	0.00872841
[10] 2620	0.00871286
[10] 2630	0.00867095
[10] 2635	0.00878148
[10] 2645	0.00878916
[10] 2655	0.00883577
[10] 2665	0.00884543
[10] 2675	0.00885335
[10] 2680	0.00886385
[10] 2690	0.00897398
[10] 2700	0.00887739
[10] 2710	0.00894616
[10] 2720	0.00900281
[10] 2725	0.00905257
[10] 2735	0.00904965
[10] 2745	0.00908846
[10] 2755	0.00909767
[10] 2765	0.00911395
[10] 2770	0.00915386
[10] 2780	0.00916589
[10] 2790	0.00918375
[10] 2800	0.0092163
[10] 2810	0.00924941
[10] 2815	0.00930184
[10] 2825	0.00938926
[10] 2835	0.00937369
[10] 2845	0.00941455
[10] 2855	0.0093696
[10] 2860	0.00944698
[10] 2870	0.00947224
[10] 2880	0.00952098
[10] 2890	0.00955303
[10] 2900	0.00956222
[10] 2905	0.00951238
[10] 2915	0.00963496
[10] 2925	0.00965692
[10] 2935	0.0096968
[10] 2945	0.00970747
[10] 2950	0.0096895
[10] 2960	0.00975183
[10] 2970	0.00982966
[10] 2980	0.00985816
[10] 2990	0.00987176
[10] 2995	0.00994846
[10] 3005	0.00988143
[10] 3015	0.00986782
[10] 3025	0.0100087
[10] 3035	0.00997437
[10] 3040	0.0100419
[10] 3050	0.0100847
[10] 3060	0.0100835
[10] 3070	0.0101396
[10] 3080	0.0101842
[10] 3085	0.0102062
[10] 3095	0.0102446
[10] 3105	0.0102626
[10] 3115	0.0102606
[10] 3125	0.0102695
[10] 3130	0.0103437
[10] 3140	0.0103593
[10] 3150	0.010428
[10] 3160	0.010387
[10] 3170	0.010519
[10] 3175	0.0105006
[10] 3185	0.0105332
[10] 3195	0.0105145
[10] 3205	0.0105252
[10] 3215	0.0105946
[10] 3220	0.0105849
[10] 3230	0.0106253
[10] 3240	0.010656
[10] 3250	0.0106924
[10] 3260	0.0107575
[10] 3265	0.0107815
[10] 3275	0.0107946
[10] 3285	0.0107883
[10] 3295	0.0109593
[10] 3305	0.0108954
[10] 3310	0.0109239
[10] 3320	0.0109983
[10] 3330	0.0109771
[10] 3340	0.0109778
[10] 3350	0.0109988
[10] 3355	0.0109918
[10] 3365	0.0110645
[10] 3375	0.0111077
[10] 3385	0.0110904
[10] 3395	0.0111959
[10] 3400	0.0112212
[10] 3410	0.0112995
[10] 3420	0.0113206
[10] 3430	0.0112747
[10] 3440	0.0112487
[10] 3445	0.0112476
[10] 3455	0.0113616
[10] 3465	0.0113619
[10] 3475	0.0114481
[10] 3485	0.0114475
[10] 3490	0.0114653
[10] 3500	0.0114992
[10] 3510	0.011501
[10] 3520	0.0116092
[10] 3530	0.0115618
[10] 3535	0.0115923
[10] 3545	0.0116494
[10] 3555	0.0116254
[10] 3565	0.0116683
[10] 3575	0.0116747
[10] 3580	0.0116902
[10] 3590	0.011918
[10] 3600	0.0117788
[10] 3610	0.0118894
[10] 3620	0.0119044
[10] 3625	0.0119177
[10] 3635	0.0119594
[10] 3645	0.0119268
[10] 3655	0.0119869
[10] 3665	0.0119169
[10] 3670	0.0120802
[10] 3680	0.0121081
[10] 3690	0.0121763
[10] 3700	0.0121644
[10] 3710	0.0121015
[10] 3715	0.0120709
[10] 3725	0.0121585
[10] 3735	0.01221
[10] 3745	0.0123092
[10] 3755	0.0123449
[10] 3760	0.012317
[10] 3770	0.0123497
[10] 3780	0.0123867
[10] 3790	0.0123142
[10] 3800	0.0123962
[10] 3805	0.0124789
[10] 3815	0.0125224
[10] 3825	0.0125597
[10] 3835	0.012547
[10] 3845	0.0125675
[10] 3850	0.0127087
[10] 3860	0.0126389
[10] 3870	0.012734
[10] 3880	0.0127263
[10] 3890	0.0127407
[10] 3895	0.0127939
[10] 3905	0.0127895
[10] 3915	0.0129074
[10] 3925	0.012824
[10] 3935	0.0129557
[10] 3940	0.01293
[10] 3950	0.0129966
[10] 3960	0.0129974
[10] 3970	0.0130307
[10] 3980	0.0130501
[10] 3985	0.0130604
[10] 3995	0.0130794
[10] 4005	0.0131734
[10] 4015	0.0131482
[10] 4025	0.0132381
[10] 4030	0.0132069
[10] 4040	0.0132764
[10] 4050	0.0132594
[10] 4060	0.0133372
[10] 4070	0.0133445
[10] 4075	0.013377
[10] 4085	0.0134433
[10] 4095	0.0134113
[10] 4105	0.0134538
[10] 4115	0.0134667
[10] 4120	0.0135282
[10] 4130	0.0135828
[10] 4140	0.0135235
[10] 4150	0.0135787
[10] 4160	0.0135901
[10] 4165	0.0136084
[10] 4175	0.0136305
[10] 4185	0.0137428
[10] 4195	0.0137488
[10] 4205	0.0137183
[10] 4210	0.0137593
[10] 4220	0.0138725
[10] 4230	0.0138636
[10] 4240	0.0138995
[10] 4250	0.0138778
[10] 4255	0.0139291
[10] 4265	0.0139884
[10] 4275	0.0140007
[10] 4285	0.0140178
[10] 4295	0.0140408
[10] 4300	0.013997
[10] 4310	0.0140978
[10] 4320	0.0141317
[10] 4330	0.0141296
[10] 4340	0.0142253
[10] 4345	0.0142297
[10] 4355	0.0142255
[10] 4365	0.0142441
[10] 4375	0.0143138
[10] 4385	0.0142382
[10] 4390	0.0143192
[10] 4400	0.0145058
[10] 4410	0.0144944
[10] 4420	0.0143769
[10] 4430	0.0144689
[10] 4435	0.0144866
[10] 4445	0.0145777
[10] 4455	0.0145316
[10] 4465	0.0145913
[10] 4475	0.0146238
[10] 4480	0.0146183
[10] 4490	0.0146769
[10] 4500	0.0146593
[10] 4510	0.0147201
[10] 4520	0.0147133
[10] 4525	0.0148013
[10] 4535	0.014837
[10] 4545	0.014821
[10] 4555	0.0148726
[10] 4565	0.0148418
[10] 4570	0.0148883
[10] 4580	0.014975
[10] 4590	0.0150016
[10] 4600	0.0149576
[10] 4610	0.015039
[10] 4615	0.0262881
[10] 4625	0.0150936
[10] 4635	0.0151867
[10] 4645	0.0151692
[10] 4655	0.0150671
[10] 4660	0.0151672
[10] 4670	0.0152191
[10] 4680	0.0152886
[10] 4690	0.0151916
[10] 4700	0.0153356
[10] 4705	0.0153504
[10] 4715	0.0153398
[10] 4725	0.0154412
[10] 4735	0.0154381
[10] 4745	0.015424
[10] 4750	0.0154784
[10] 4760	0.0155226
[10] 4770	0.0155604
[10] 4780	0.0155219
[10] 4790	0.0155449
[10] 4795	0.0155756
[10] 4805	0.0156362
[10] 4815	0.015656
[10] 4825	0.0157645
[10] 4835	0.0156986
[10] 4840	0.015709
[10] 4850	0.0158078
[10] 4860	0.0158782
[10] 4870	0.0158023
[10] 4880	0.0158394
[10] 4885	0.0159659
[10] 4895	0.015946
[10] 4905	0.0159814
[10] 4915	0.0160876
[10] 4925	0.0160352
[10] 4930	0.0161532
[10] 4940	0.016136
[10] 4950	0.0160026
[10] 4960	0.0161107
[10] 4970	0.0162007
[10] 4975	0.0161781
[10] 4985	0.0162625
[10] 4995	0.0162419
[10] 5005	0.0162213
[10] 5015	0.0163647
[10] 5020	0.0162321
[10] 5030	0.0163085
[10] 5040	0.016366
[10] 5050	0.0163816
[10] 5060	0.0163425
[10] 5065	0.0164967
[10] 5075	0.0165162
[10] 5085	0.0165886
[10] 5095	0.0166675
[10] 5105	0.0166148
[10] 5110	0.0165974
[10] 5120	0.0166438
[10] 5130	0.0167414
[10] 5140	0.0167012
[10] 5150	0.0168127
[10] 5155	0.0167486
[10] 5165	0.0167938
[10] 5175	0.0167623
[10] 5185	0.0168868
[10] 5195	0.0168673
[10] 5200	0.0170031
[10] 5210	0.0169857
[10] 5220	0.016983
[10] 5230	0.0170701
[10] 5240	0.0170614
[10] 5245	0.0172033
[10] 5255	0.0171987
[10] 5265	0.017171
[10] 5275	0.0171504
[10] 5285	0.0172426
[10] 5290	0.017267
[10] 5300	0.0172969
[10] 5310	0.0173626
[10] 5320	0.0172872
[10] 5330	0.017332
[10] 5335	0.0175484
[10] 5345	0.0174647
[10] 5355	0.0175133
[10] 5365	0.0175042
[10] 5375	0.0175672
[10] 5380	0.0175971
[10] 5390	0.0176218
[10] 5400	0.0176419
[10] 5410	0.0176412
[10] 5420	0.0176538
[10] 5425	0.017621
[10] 5435	0.0177402
[10] 5445	0.0177371
[10] 5455	0.0178483
[10] 5465	0.0177938
[10] 5470	0.0177584
[10] 5480	0.0178316
[10] 5490	0.0179294
[10] 5500	0.0178845
[10] 5510	0.0179904
[10] 5515	0.0179505
[10] 5525	0.0179321
[10] 5535	0.0180423
[10] 5545	0.0179715
[10] 5555	0.0181165
[10] 5560	0.0181273
[10] 5570	0.01818
[10] 5580	0.0181436
[10] 5590	0.0181595
[10] 5600	0.0181702
[10] 5605	0.0183261
[10] 5615	0.0183376
[10] 5625	0.0182846
[10] 5635	0.0183387
[10] 5645	0.0183253
[10] 5650	0.0183536
[10] 5660	0.0184896
[10] 5670	0.0184451
[10] 5680	0.0183953
[10] 5690	0.0186172
[10] 5695	0.018562
[10] 5705	0.0185185
[10] 5715	0.0186194
[10] 5725	0.0186759
[10] 5735	0.0186808
[10] 5740	0.0187177
[10] 5750	0.0186444
[10] 5760	0.0186511
[10] 5770	0.0187086
[10] 5780	0.0188562
[10] 5785	0.0188676
[10] 5795	0.0189894
[10] 5805	0.0188649
[10] 5815	0.0189657
[10] 5825	0.0189004
[10] 5830	0.0190036
[10] 5840	0.0189753
[10] 5850	0.0190004
[10] 5860	0.0190017
[10] 5870	0.0189998
[10] 5875	0.0192015
[10] 5885	0.019167
[10] 5895	0.0191573
[10] 5905	0.019138
[10] 5915	0.0192176
[10] 5920	0.019157
[10] 5930	0.019224
[10] 5940	0.0194645
[10] 5950	0.0193541
[10] 5960	0.0194079
[10] 5965	0.0193687
[10] 5975	0.0194202
[10] 5985	0.0195342
[10] 5995	0.0194266
[10] 6005	0.0193489
[10] 6010	0.0195559
[10] 6020	0.0195546
[10] 6030	0.0196152
[10] 6040	0.0196449
[10] 6050	0.0195805
[10] 6055	0.0196792
[10] 6065	0.0196368
[10] 6075	0.0198342
[10] 6085	0.0197546
[10] 6095	0.0197975
[10] 6100	0.0198811
[10] 6110	0.0197738
[10] 6120	0.0199393
[10] 6130	0.0199004
[10] 6140	0.019891
[10] 6145	0.0199321
[10] 6155	0.0200815
[10] 6165	0.0199447
[10] 6175	0.0200075
[10] 6185	0.0200863
[10] 6190	0.02004
[10] 6200	0.0201518
[10] 6210	0.0200991
[10] 6220	0.020024
[10] 6230	0.0201279
[10] 6235	0.0201693
[10] 6245	0.0202031
[10] 6255	0.0203048
[10] 6265	0.0203179
[10] 6275	0.0202955
[10] 6280	0.0202826
[10] 6290	0.0203732
[10] 6300	0.020518
[10] 6310	0.0204731
[10] 6320	0.0204411
[10] 6325	0.0205397
[10] 6335	0.0204662
[10] 6345	0.0205234
[10] 6355	0.0204749
[10] 6365	0.0206475
[10] 6370	0.0205706
[10] 6380	0.0206598
[10] 6390	0.0207424
[10] 6400	0.0206816
[10] 6410	0.0207321
[10] 6415	0.0208351
[10] 6425	0.020909
[10] 6435	0.0207264
[10] 6445	0.020843
[10] 6455	0.0208466
[10] 6460	0.0208591
[10] 6470	0.02101
[10] 6480	0.0209766
[10] 6490	0.0209749
[10] 6500	0.0210276
[10] 6505	0.0211029
[10] 6515	0.0211333
[10] 6525	0.0211653
[10] 6535	0.0210817
[10] 6545	0.0211872
[10] 6550	0.0212532
[10] 6560	0.0211255
[10] 6570	0.0212443
[10] 6580	0.0212793
[10] 6590	0.0213824
[10] 6595	0.0213196
[10] 6605	0.0213837
[10] 6615	0.0213862
[10] 6625	0.0214069
[10] 6635	0.0215048
[10] 6640	0.0214192
[10] 6650	0.0214957
[10] 6660	0.0214882
[10] 6670	0.0214656
[10] 6680	0.0215115
[10] 6685	0.021582
[10] 6695	0.0216135
[10] 6705	0.0217751
[10] 6715	0.0217241
[10] 6725	0.0217573
[10] 6730	0.0216918
[10] 6740	0.0218476
[10] 6750	0.0218189
[10] 6760	0.0218877
[10] 6770	0.0219448
[10] 6775	0.0218962
[10] 6785	0.0218967
[10] 6795	0.0219917
[10] 6805	0.0220157
[10] 6815	0.0219712
[10] 6820	0.0220293
[10] 6830	0.0219838
[10] 6840	0.0221086
[10] 6850	0.0220928
[10] 6860	0.0221097
[10] 6865	0.0222066
[10] 6875	0.0222902
[10] 6885	0.022228
[10] 6895	0.0222347
[10] 6905	0.022308
[10] 6910	0.0223373
[10] 6920	0.0225725
[10] 6930	0.0225051
[10] 6940	0.0224188
[10] 6950	0.0223966
[10] 6955	0.0225063
[10] 6965	0.0223913
[10] 6975	0.0225638
[10] 6985	0.0225967
[10] 6995	0.0226728
[10] 7000	0.0226507
[10] 7010	0.022691
[10] 7020	0.0226053
[10] 7030	0.022662
[10] 7040	0.0227974
[10] 7045	0.0226617
[10] 7055	0.0226995
[10] 7065	0.022834
[10] 7075	0.0227342
[10] 7085	0.0228709
[10] 7090	0.0230341
[10] 7100	0.0228513
[10] 7110	0.0229224
[10] 7120	0.0230335
[10] 7130	0.0230005
[10] 7135	0.02299
[10] 7145	0.0230208
[10] 7155	0.0230517
[10] 7165	0.0230776
[10] 7175	0.023076
[10] 7180	0.0232624
[10] 7190	0.0232061
[10] 7200	0.0232283
[10] 7210	0.0232011
[10] 7220	0.0232089
[10] 7225	0.0233261
[10] 7235	0.023333
[10] 7245	0.0233343
[10] 7255	0.0233303
[10] 7265	0.0234072
[10] 7270	0.0234814
[10] 7280	0.0235096
[10] 7290	0.0234288
[10] 7300	0.0237132
[10] 7310	0.0235788
[10] 7315	0.0235191
[10] 7325	0.0235286
[10] 7335	0.0236674
[10] 7345	0.0234936
[10] 7355	0.0237516
[10] 7360	0.0238171
[10] 7370	0.0236729
[10] 7380	0.0239135
[10] 7390	0.0237841
[10] 7400	0.0237404
[10] 7405	0.0239108
[10] 7415	0.0239349
[10] 7425	0.0238811
[10] 7435	0.0238909
[10] 7445	0.0239262
[10] 7450	0.0239524
[10] 7460	0.02406
[10] 7470	0.0240874
[10] 7480	0.0239229
[10] 7490	0.0241261
[10] 7495	0.024236
[10] 7505	0.0241114
[10] 7515	0.0241171
[10] 7525	0.0242996
[10] 7535	0.0241033
[10] 7540	0.0241685
[10] 7550	0.0243765
[10] 7560	0.0243952
[10] 7570	0.0243788
[10] 7580	0.0243756
[10] 7585	0.0244341
[10] 7595	0.0245278
[10] 7605	0.024455
[10] 7615	0.0245768
[10] 7625	0.0245877
[10] 7630	0.0245583
[10] 7640	0.024655
[10] 7650	0.0247099
[10] 7660	0.0246981
[10] 7670	0.0247245
[10] 7675	0.0246483
[10] 7685	0.0248534
[10] 7695	0.0248293
[10] 7705	0.0248285
[10] 7715	0.0249051
[10] 7720	0.0249229
[10] 7730	0.0249009
[10] 7740	0.0250409
[10] 7750	0.0250918
[10] 7760	0.0249082
[10] 7765	0.0251015
[10] 7775	0.0252057
[10] 7785	0.0251349
[10] 7795	0.0251351
[10] 7805	0.0251337
[10] 7810	0.0252752
[10] 7820	0.0254606
[10] 7830	0.0252134
[10] 7840	0.0252606
[10] 7850	0.025452
[10] 7855	0.0254235
[10] 7865	0.0253725
[10] 7875	0.0256006
[10] 7885	0.025527
[10] 7895	0.0255582
[10] 7900	0.0255748
[10] 7910	0.0256255
[10] 7920	0.0256772
[10] 7930	0.0259153
[10] 7940	0.025582
[10] 7945	0.0256819
[10] 7955	0.025875
[10] 7965	0.0258695
[10] 7975	0.0256893
[10] 7985	0.0257485
[10] 7990	0.0258892
[10] 8000	0.0258621
[10] 8010	0.0259366
[10] 8020	0.0259507
[10] 8030	0.0259927
[10] 8035	0.0260579
[10] 8045	0.026025
[10] 8055	0.02613
[10] 8065	0.0261596
[10] 8075	0.0261587
[10] 8080	0.0261237
[10] 8090	0.0262908
[10] 8100	0.026291
[10] 8110	0.0262198
[10] 8120	0.026273
[10] 8125	0.0262302
[10] 8135	0.0263522
[10] 8145	0.0262724
[10] 8155	0.0262917
[10] 8165	0.0262018
[10] 8170	0.0264762
[10] 8180	0.0263045
[10] 8190	0.0265055
[10] 8200	0.0265711
[10] 8210	0.0266112
[10] 8215	0.0265131
[10] 8225	0.026504
[10] 8235	0.0266184
[10] 8245	0.026576
[10] 8255	0.0266498
[10] 8260	0.0266002
[10] 8270	0.0267878
[10] 8280	0.0268011
[10] 8290	0.0267577
[10] 8300	0.0268045
[10] 8305	0.0269367
[10] 8315	0.0268716
[10] 8325	0.0268912
[10] 8335	0.0270192
[10] 8345	0.0269705
[10] 8350	0.0269998
[10] 8360	0.0270509
[10] 8370	0.0271806
[10] 8380	0.0270384
[10] 8390	0.0270372
[10] 8395	0.0270644
[10] 8405	0.0270736
[10] 8415	0.0271415
[10] 8425	0.0272042
[10] 8435	0.027213
[10] 8440	0.027304
[10] 8450	0.0272924
[10] 8460	0.0273395
[10] 8470	0.0274456
[10] 8480	0.0273252
[10] 8485	0.0273664
[10] 8495	0.0273324
[10] 8505	0.0274728
[10] 8515	0.0274558
[10] 8525	0.0275864
[10] 8530	0.0276734
[10] 8540	0.0275744
[10] 8550	0.0275762
[10] 8560	0.0276136
[10] 8570	0.0276655
[10] 8575	0.0276293
[10] 8585	0.0277231
[10] 8595	0.0278003
[10] 8605	0.0278312
[10] 8615	0.0278739
[10] 8620	0.0278538
[10] 8630	0.0279219
[10] 8640	0.0278374
[10] 8650	0.0279144
[10] 8660	0.0279269
[10] 8665	0.0279385
[10] 8675	0.028056
[10] 8685	0.0281059
[10] 8695	0.02816
[10] 8705	0.0282138
[10] 8710	0.0281472
[10] 8720	0.0282739
[10] 8730	0.0282247
[10] 8740	0.0281646
[10] 8750	0.0281813
[10] 8755	0.0283134
[10] 8765	0.0282583
[10] 8775	0.0283316
[10] 8785	0.0283968
[10] 8795	0.0283806
[10] 8800	0.0284358
[10] 8810	0.0285116
[10] 8820	0.0285249
[10] 8830	0.0284927
[10] 8840	0.0284237
[10] 8845	0.0286232
[10] 8855	0.0285554
[10] 8865	0.0285069
[10] 8875	0.0285829
[10] 8885	0.0287681
[10] 8890	0.0287348
[10] 8900	0.0287064
[10] 8910	0.0287626
[10] 8920	0.0286813
[10] 8930	0.0288001
[10] 8935	0.0287561
[10] 8945	0.0289178
[10] 8955	0.0288529
[10] 8965	0.0289166
[10] 8975	0.0288898
[10] 8980	0.0288891
[10] 8990	0.0289718
[10] 9000	0.0290351
[10] 9010	0.0289653
[10] 9020	0.0289893
