50	0.00177339
150	0.00132715
250	0.00159623
350	0.00211026
450	0.00164586
550	0.0018558
650	0.00346694
750	0.00229366
850	0.00250054
950	0.00271663
1000	0.00312816
1050	0.00342412
1100	0.0035493
1150	0.00364828
1200	0.00660301
1250	0.00387381
1300	0.00398729
1350	0.00409317
1400	0.00421878
1450	0.0043082
1500	0.00458688
1550	0.0048849
1600	0.00497894
1650	0.00509671
1700	0.00520751
1750	0.00532786
1800	0.00541551
1850	0.00552315
1900	0.00563757
1950	0.00573815
2000	0.00600285
2050	0.00630283
2100	0.00641066
2150	0.0065192
2200	0.00662277
2250	0.00675011
2300	0.00683964
2350	0.00695535
2400	0.0127066
2450	0.00717877
2500	0.0074666
2550	0.0077905
2600	0.00786119
2650	0.00796364
2700	0.00809392
2750	0.00817382
2800	0.00828543
2850	0.00839575
2900	0.00850515
2950	0.00860442
3000	0.00886176
3050	0.00918607
3100	0.00926322
3150	0.00938958
3200	0.00946714
3250	0.0096273
3300	0.00970014
3350	0.00982389
3400	0.0099394
3450	0.0100237
3500	0.0102966
3550	0.0106282
3600	0.0107016
3650	0.0108077
3700	0.0109225
3750	0.0110984
3800	0.0112235
3850	0.0112935
3900	0.0113742
3950	0.0115084
4000	0.0117239
4050	0.0120354
4100	0.0121538
4150	0.0122431
4200	0.0123628
4250	0.0125099
4300	0.0125793
4350	0.012662
4400	0.0128029
4450	0.0129108
4500	0.0131502
4550	0.0134546
4600	0.0135647
4650	0.0136845
4700	0.0249823
4750	0.0138922
4800	0.0140363
4850	0.0141098
4900	0.0142721
4950	0.0143403
5000	0.0145976
5050	0.0148864
5100	0.0149929
5150	0.0150817
5200	0.0152163
5250	0.0153199
5300	0.0154191
5350	0.0155272
5400	0.015666
5450	0.0157368
5500	0.0160568
5550	0.0163436
5600	0.0164299
5650	0.016531
5700	0.0166529
5750	0.0167526
5800	0.0168423
5850	0.0169936
5900	0.0170609
5950	0.0171783
6000	0.0174697
6050	0.0178107
6100	0.0178973
6150	0.0179648
6200	0.0180862
6250	0.0181848
6300	0.0182682
6350	0.0183981
6400	0.0185028
6450	0.018585
6500	0.0188697
6550	0.0191835
6600	0.0192957
6650	0.0193976
6700	0.0195034
6750	0.0196142
6800	0.0197195
6850	0.0198276
6900	0.0199493
6950	0.0200317
7000	0.0203136
7050	0.0206093
7100	0.0207246
7150	0.0208893
7200	0.0209567
7250	0.0210433
7300	0.021155
7350	0.0213686
7400	0.0214571
7450	0.0215865
7500	0.0217464
7550	0.0220321
7600	0.0221424
7650	0.0223116
7700	0.0225155
7750	0.0224843
7800	0.022663
7850	0.0227168
7900	0.0228021
7950	0.02297
8000	0.0232335
8050	0.0236109
8100	0.0236446
8150	0.0237524
8200	0.0237897
8250	0.0239352
8300	0.0240238
8350	0.0241232
8400	0.0242043
8450	0.024298
8500	0.0246549
8550	0.024918
8600	0.0250045
8650	0.0251127
8700	0.0253934
8750	0.0254989
8800	0.0255512
8850	0.0256353
8900	0.0257352
8950	0.0257865
9000	0.0260242
9050	0.0264346
9100	0.0264825
9150	0.0265618
9200	0.0267042
9250	0.0267326
9300	0.0270643
9350	0.0491845
9400	0.0271487
9450	0.0272362
9500	0.0275505
9550	0.0278206
9600	0.0279579
9650	0.0281464
9700	0.0282536
9750	0.0283062
9800	0.0283709
9850	0.0285024
9900	0.0286215
9950	0.0287107
10000	0.029064
10050	0.0292065
10100	0.0293633
10150	0.0294703
10200	0.0295477
10250	0.0296352
10300	0.0297282
10350	0.0299707
10400	0.0299946
10450	0.0300698
10500	0.0304329
10550	0.0307947
10600	0.0308268
10650	0.0309082
10700	0.0309826
10750	0.0310713
10800	0.0311891
10850	0.0312925
10900	0.0315037
10950	0.0316063
11000	0.0318116
11050	0.0320867
11100	0.0322409
11150	0.0323842
11200	0.0324446
11250	0.0324881
11300	0.0326421
11350	0.0327699
11400	0.032798
11450	0.0329352
11500	0.0332927
11550	0.0335124
11600	0.0337194
11650	0.0338234
11700	0.0339306
11750	0.0340245
11800	0.0340607
11850	0.0341457
11900	0.0342322
11950	0.0344076
12000	0.0346589
12050	0.0350208
12100	0.0354051
12150	0.0356106
12200	0.035634
12250	0.0354906
12300	0.035544
12350	0.0356493
12400	0.0357751
12450	0.0358948
12500	0.03608
12550	0.0365044
12600	0.0366893
12650	0.0367587
12700	0.0368631
12750	0.0368809
12800	0.0369045
12850	0.037044
12900	0.0371393
12950	0.0372256
13000	0.0375562
13050	0.0379063
13100	0.0379802
13150	0.0380123
13200	0.0381603
13250	0.0382556
13300	0.0383414
13350	0.0384736
13400	0.0385475
13450	0.0387686
13500	0.0390202
13550	0.039299
13600	0.0393605
13650	0.0394739
13700	0.0396007
13750	0.039705
13800	0.0399421
13850	0.0398933
13900	0.0400297
13950	0.0402968
14000	0.0403834
14050	0.0406568
14100	0.0408452
14150	0.0410055
14200	0.0410223
14250	0.0411553
14300	0.0413184
14350	0.041293
14400	0.0415292
14450	0.0416075
14500	0.041859
14550	0.0421058
14600	0.0422415
14650	0.0425516
14700	0.0424892
14750	0.0425447
14800	0.0426821
14850	0.0427506
14900	0.0430827
14950	0.0433108
15000	0.0433032
15050	0.0435281
15100	0.0436315
15150	0.0438163
15200	0.0438779
15250	0.0440473
15300	0.0440962
15350	0.0441913
15400	0.0442869
15450	0.0444144
15500	0.0447054
15550	0.0452117
15600	0.0452484
15650	0.0452809
15700	0.045222
15750	0.0453972
15800	0.0455233
15850	0.0457039
15900	0.0458487
15950	0.0459214
16000	0.0461703
16050	0.0463895
16100	0.0466018
16150	0.0467696
16200	0.0467256
16250	0.0468385
16300	0.0469636
16350	0.0471158
16400	0.0472749
16450	0.0475336
16500	0.0476028
16550	0.0479244
16600	0.0479799
16650	0.0481063
16700	0.0481466
16750	0.0483481
16800	0.0484746
16850	0.048527
16900	0.048635
16950	0.0487084
17000	0.0490491
17050	0.049265
17100	0.049397
17150	0.0495262
17200	0.04956
17250	0.0497873
17300	0.0498145
17350	0.049922
17400	0.0502601
17450	0.0500665
17500	0.0504187
17550	0.050722
17600	0.0507672
17650	0.0509398
17700	0.0509897
17750	0.0512804
17800	0.0515318
17850	0.0515432
17900	0.0514753
17950	0.0515381
18000	0.0519276
18050	0.0523808
18100	0.0524608
18150	0.0524397
18200	0.052576
18250	0.0526735
18300	0.0528686
18350	0.0529808
18400	0.0529392
18450	0.0530085
18500	0.0532657
18550	0.0536839
18600	0.0537336
18650	0.0984766
18700	0.0542701
18750	0.0542026
18800	0.0541422
18850	0.0543104
18900	0.0543559
18950	0.0545102
19000	0.0548838
19050	0.0551365
19100	0.0550904
19150	0.0554394
19200	0.0554637
19250	0.0556575
19300	0.0556569
19350	0.0557022
19400	0.0557982
19450	0.0562683
19500	0.0562477
19550	0.0565268
19600	0.0566186
19650	0.0566783
19700	0.0567605
19750	0.0569383
19800	0.0570029
19850	0.0572246
19900	0.0574856
19950	0.057342
20000	0.0577233
20050	0.0579745
20100	0.0581802
20150	0.0583621
20200	0.05836
20250	0.0585559
20300	0.0584283
20350	0.0587401
20400	0.058721
20450	0.0587932
20500	0.0591233
20550	0.059337
20600	0.0596163
20650	0.0595947
20700	0.0598041
20750	0.0599437
20800	0.0600923
20850	0.0601758
20900	0.060421
20950	0.0605584
21000	0.0606487
21050	0.0611948
21100	0.061277
21150	0.0611429
21200	0.0612653
21250	0.0612866
21300	0.0614087
21350	0.0615897
21400	0.061572
21450	0.0620899
21500	0.0620057
21550	0.0623191
21600	0.0625527
21650	0.0628014
21700	0.0627331
21750	0.0626798
21800	0.0627927
21850	0.0628846
21900	0.0630617
21950	0.0631692
22000	0.0634331
22050	0.0637391
22100	0.0637917
22150	0.0638742
22200	0.0639726
22250	0.0641145
22300	0.0643008
22350	0.064228
22400	0.0644513
22450	0.0645506
22500	0.0648711
22550	0.0651999
22600	0.0652962
22650	0.0655074
22700	0.0654337
22750	0.0655042
22800	0.0655968
22850	0.0658026
22900	0.0657785
22950	0.0660677
23000	0.0663383
23050	0.0664359
23100	0.0667629
23150	0.0668734
23200	0.0669967
23250	0.0669794
23300	0.067097
23350	0.0674086
23400	0.0677199
23450	0.0674379
23500	0.0677637
23550	0.0679214
23600	0.0681797
23650	0.0682673
23700	0.0686123
23750	0.0684404
23800	0.0685383
23850	0.0685008
23900	0.0689222
23950	0.0688256
24000	0.0691827
24050	0.0694132
24100	0.069554
24150	0.0696111
24200	0.0699603
24250	0.0697969
24300	0.0699216
24350	0.0703687
24400	0.0704293
24450	0.0703377
24500	0.0705619
24550	0.0708034
24600	0.0709696
24650	0.0710921
24700	0.0713615
24750	0.0713414
24800	0.0714834
24850	0.0720908
24900	0.0719232
24950	0.0720667
25000	0.0720318
25050	0.0723608
25100	0.0723789
25150	0.0724987
25200	0.0725665
25250	0.0728781
25300	0.0732973
25350	0.0730108
25400	0.0729956
25450	0.0730732
25500	0.0734299
