[10] 5	0.00153791
[10] 15	0.000886367
[10] 25	0.000603333
[10] 35	0.000281874
[10] 45	0.000849756
[10] 55	0.000367663
[10] 70	0.000466453
[10] 85	0.00103522
[10] 100	0.000584315
[10] 110	0.00108821
[10] 115	0.000954948
[10] 125	0.00106716
[10] 135	0.001075
[10] 145	0.001115
[10] 155	0.00212102
[10] 160	0.00136581
[10] 170	0.00145824
[10] 180	0.00150982
[10] 190	0.00155185
[10] 200	0.0016116
[10] 205	0.00181645
[10] 215	0.00192574
[10] 225	0.00197065
[10] 235	0.00201358
[10] 245	0.00207455
[10] 250	0.00232838
[10] 260	0.00243946
[10] 270	0.00247509
[10] 280	0.00254335
[10] 290	0.00261575
[10] 295	0.00425365
[10] 305	0.0030589
[10] 315	0.0031146
[10] 325	0.00313501
[10] 335	0.00320973
[10] 340	0.00344421
[10] 350	0.00358718
[10] 360	0.00364794
[10] 370	0.00371135
[10] 380	0.00376896
[10] 385	0.00408517
[10] 395	0.0042122
[10] 405	0.00425523
[10] 415	0.00437046
[10] 425	0.00443695
[10] 430	0.0048076
[10] 440	0.00488231
[10] 450	0.00492299
[10] 460	0.00507455
[10] 470	0.00508458
[10] 475	0.00544408
[10] 485	0.00559731
[10] 495	0.00566953
[10] 505	0.00575573
[10] 515	0.00584081
[10] 520	0.00621542
[10] 530	0.00636845
[10] 540	0.00640617
[10] 550	0.00651698
[10] 560	0.00659649
[10] 565	0.00700203
[10] 575	0.00714755
[10] 585	0.00952717
[10] 595	0.00735039
[10] 605	0.00739321
[10] 610	0.00786704
[10] 620	0.00790827
[10] 630	0.00801795
[10] 640	0.00810577
[10] 650	0.00818347
[10] 655	0.00865402
[10] 665	0.00881291
[10] 675	0.0088604
[10] 685	0.00897759
[10] 695	0.00908952
[10] 700	0.00957121
[10] 710	0.00966688
[10] 720	0.00981731
[10] 730	0.00997807
[10] 740	0.0100477
[10] 745	0.0104875
[10] 755	0.0107274
[10] 765	0.0107941
[10] 775	0.0108145
[10] 785	0.0110326
[10] 790	0.0114698
[10] 800	0.0115884
[10] 810	0.0116803
[10] 820	0.0119128
[10] 830	0.0119581
[10] 835	0.0124678
[10] 845	0.0125579
[10] 855	0.0127324
[10] 865	0.0128113
[10] 875	0.0130378
[10] 880	0.0134788
[10] 890	0.0136
[10] 900	0.0137594
[10] 910	0.0139332
[10] 920	0.0140199
[10] 925	0.014612
[10] 935	0.0146666
[10] 945	0.0148352
[10] 955	0.0149881
[10] 965	0.0151256
[10] 970	0.0156167
[10] 980	0.0158217
[10] 990	0.0159807
[10] 1000	0.0160605
[10] 1010	0.0163609
[10] 1015	0.0169143
[10] 1025	0.0170536
[10] 1035	0.0171496
[10] 1045	0.0173148
[10] 1055	0.0174293
[10] 1060	0.0180861
[10] 1070	0.0184884
[10] 1080	0.0185148
[10] 1090	0.0185027
[10] 1100	0.0187306
[10] 1105	0.019253
[10] 1115	0.0194711
[10] 1125	0.0197893
[10] 1135	0.0197741
[10] 1145	0.0199367
[10] 1150	0.0206303
[10] 1160	0.0249282
[10] 1170	0.020836
[10] 1180	0.0208793
[10] 1190	0.0211166
[10] 1195	0.0220652
[10] 1205	0.0219945
[10] 1215	0.0222052
[10] 1225	0.0224236
[10] 1235	0.0224316
[10] 1240	0.0233397
[10] 1250	0.0235122
[10] 1260	0.0234593
[10] 1270	0.0238977
[10] 1280	0.0240694
[10] 1285	0.0247276
[10] 1295	0.0248107
[10] 1305	0.0250633
[10] 1315	0.0252612
[10] 1325	0.0255069
[10] 1330	0.0261746
[10] 1340	0.0264297
[10] 1350	0.0264066
[10] 1360	0.0267141
[10] 1370	0.026719
[10] 1375	0.0277296
[10] 1385	0.027775
[10] 1395	0.0281068
[10] 1405	0.0281841
[10] 1415	0.0285144
[10] 1420	0.0292488
[10] 1430	0.029234
[10] 1440	0.0295013
[10] 1450	0.0297905
[10] 1460	0.0300124
[10] 1465	0.0310154
[10] 1475	0.031126
[10] 1485	0.0310874
[10] 1495	0.0311211
[10] 1505	0.0315082
[10] 1510	0.0326128
[10] 1520	0.032701
[10] 1530	0.0328397
[10] 1540	0.0328093
[10] 1550	0.0330828
[10] 1555	0.0338359
[10] 1565	0.0340016
[10] 1575	0.0343864
[10] 1585	0.0342398
[10] 1595	0.0346075
[10] 1600	0.0355447
[10] 1610	0.0357049
[10] 1620	0.0360149
[10] 1630	0.0359967
[10] 1640	0.0361695
[10] 1645	0.0370996
[10] 1655	0.0374847
[10] 1665	0.0375586
[10] 1675	0.0379208
[10] 1685	0.0381556
[10] 1690	0.0390604
[10] 1700	0.0389947
[10] 1710	0.039357
[10] 1720	0.0393343
[10] 1730	0.0399323
[10] 1735	0.0405928
[10] 1745	0.0410239
[10] 1755	0.0412422
[10] 1765	0.0416683
[10] 1775	0.0420409
[10] 1780	0.0428397
[10] 1790	0.0429093
[10] 1800	0.0430373
[10] 1810	0.0431453
[10] 1820	0.0435568
[10] 1825	0.0441958
[10] 1835	0.0447969
[10] 1845	0.0446642
[10] 1855	0.0451914
[10] 1865	0.045676
[10] 1870	0.0468932
[10] 1880	0.0463676
[10] 1890	0.0466366
[10] 1900	0.0469869
[10] 1910	0.0470654
[10] 1915	0.0479579
[10] 1925	0.0486449
[10] 1935	0.0490128
[10] 1945	0.0491456
[10] 1955	0.0490534
[10] 1960	0.0504157
[10] 1970	0.050687
[10] 1980	0.0509915
[10] 1990	0.051116
[10] 2000	0.0513764
[10] 2005	0.0526701
[10] 2015	0.052797
[10] 2025	0.0534681
[10] 2035	0.0533132
[10] 2045	0.0533143
[10] 2050	0.0545175
[10] 2060	0.0550526
[10] 2070	0.0553379
[10] 2080	0.055215
[10] 2090	0.0553881
[10] 2095	0.0568138
[10] 2105	0.0569556
[10] 2115	0.0574263
[10] 2125	0.0578141
[10] 2135	0.0576606
[10] 2140	0.0587809
[10] 2150	0.0592324
[10] 2160	0.0596914
[10] 2170	0.0604586
[10] 2180	0.0600224
[10] 2185	0.0610611
[10] 2195	0.0612417
[10] 2205	0.0616378
[10] 2215	0.0616026
[10] 2225	0.0622821
[10] 2230	0.0630297
[10] 2240	0.0636174
[10] 2250	0.0638021
[10] 2260	0.0643775
[10] 2270	0.0642701
[10] 2275	0.0655479
[10] 2285	0.0658898
[10] 2295	0.0660952
[10] 2305	0.0664276
[10] 2315	0.0752227
[10] 2320	0.0677274
[10] 2330	0.0682676
[10] 2340	0.0686933
[10] 2350	0.0684902
[10] 2360	0.0689722
[10] 2365	0.0706325
[10] 2375	0.0703938
[10] 2385	0.0710771
[10] 2395	0.0708878
[10] 2405	0.0712841
[10] 2410	0.0731187
[10] 2420	0.0729286
[10] 2430	0.0727836
[10] 2440	0.073446
[10] 2450	0.0736158
[10] 2455	0.0752142
[10] 2465	0.076306
[10] 2475	0.0760529
[10] 2485	0.0757549
[10] 2495	0.075917
[10] 2500	0.0776646
[10] 2510	0.0775281
[10] 2520	0.0776202
[10] 2530	0.0786377
[10] 2540	0.0783536
[10] 2545	0.0796714
[10] 2555	0.0799834
[10] 2565	0.0802411
[10] 2575	0.0805033
[10] 2585	0.0809535
[10] 2590	0.0823366
[10] 2600	0.0829203
[10] 2610	0.0829016
[10] 2620	0.0829909
[10] 2630	0.0835492
[10] 2635	0.0851473
[10] 2645	0.0852651
[10] 2655	0.0859611
[10] 2665	0.0855802
[10] 2675	0.085627
[10] 2680	0.0873364
[10] 2690	0.0877567
[10] 2700	0.088326
[10] 2710	0.0883223
[10] 2720	0.0886805
[10] 2725	0.0900675
[10] 2735	0.0905913
[10] 2745	0.0907638
[10] 2755	0.0914716
[10] 2765	0.0914508
[10] 2770	0.0930093
[10] 2780	0.0930082
[10] 2790	0.0932842
[10] 2800	0.0939399
[10] 2810	0.0942154
[10] 2815	0.095866
[10] 2825	0.0957848
[10] 2835	0.0964898
[10] 2845	0.0968121
[10] 2855	0.0970234
[10] 2860	0.0985817
[10] 2870	0.0986348
[10] 2880	0.0991319
[10] 2890	0.0998286
[10] 2900	0.0997792
[10] 2905	0.101421
[10] 2915	0.102013
[10] 2925	0.102021
[10] 2935	0.102469
[10] 2945	0.102487
[10] 2950	0.103987
[10] 2960	0.104178
[10] 2970	0.104639
[10] 2980	0.105152
[10] 2990	0.105159
[10] 2995	0.106857
[10] 3005	0.107138
[10] 3015	0.10832
[10] 3025	0.108246
[10] 3035	0.107919
[10] 3040	0.109996
[10] 3050	0.11021
[10] 3060	0.111314
[10] 3070	0.111061
[10] 3080	0.111387
[10] 3085	0.113942
[10] 3095	0.11478
[10] 3105	0.113763
[10] 3115	0.113873
[10] 3125	0.114224
[10] 3130	0.115827
[10] 3140	0.116645
[10] 3150	0.117254
[10] 3160	0.117022
[10] 3170	0.117202
[10] 3175	0.119331
[10] 3185	0.120127
[10] 3195	0.120233
[10] 3205	0.119985
[10] 3215	0.120603
[10] 3220	0.122123
[10] 3230	0.122797
[10] 3240	0.122597
[10] 3250	0.122802
[10] 3260	0.123569
[10] 3265	0.125256
[10] 3275	0.12539
[10] 3285	0.126966
[10] 3295	0.126562
[10] 3305	0.127198
[10] 3310	0.128651
[10] 3320	0.12879
[10] 3330	0.128961
[10] 3340	0.129345
[10] 3350	0.130693
[10] 3355	0.131373
[10] 3365	0.132084
[10] 3375	0.131942
[10] 3385	0.132493
[10] 3395	0.132685
[10] 3400	0.134566
[10] 3410	0.135925
[10] 3420	0.13596
[10] 3430	0.135236
[10] 3440	0.136022
[10] 3445	0.137754
[10] 3455	0.137896
[10] 3465	0.138166
[10] 3475	0.139322
[10] 3485	0.139371
[10] 3490	0.141651
[10] 3500	0.142515
[10] 3510	0.142043
[10] 3520	0.142229
[10] 3530	0.142326
[10] 3535	0.14469
[10] 3545	0.144461
[10] 3555	0.145297
[10] 3565	0.146326
[10] 3575	0.14684
[10] 3580	0.148307
[10] 3590	0.148078
[10] 3600	0.148781
[10] 3610	0.149034
[10] 3620	0.1493
[10] 3625	0.152061
[10] 3635	0.152277
[10] 3645	0.152055
[10] 3655	0.152937
[10] 3665	0.153218
[10] 3670	0.154938
[10] 3680	0.155598
[10] 3690	0.156182
[10] 3700	0.15665
[10] 3710	0.156888
[10] 3715	0.158831
[10] 3725	0.158796
[10] 3735	0.159218
[10] 3745	0.159774
[10] 3755	0.160494
[10] 3760	0.162925
[10] 3770	0.162167
[10] 3780	0.162565
[10] 3790	0.163095
[10] 3800	0.163503
[10] 3805	0.165585
[10] 3815	0.16616
[10] 3825	0.166468
[10] 3835	0.166888
[10] 3845	0.167118
[10] 3850	0.169604
[10] 3860	0.169801
[10] 3870	0.170056
[10] 3880	0.171097
[10] 3890	0.17076
[10] 3895	0.172955
[10] 3905	0.173591
[10] 3915	0.173725
[10] 3925	0.17424
[10] 3935	0.175152
[10] 3940	0.176543
[10] 3950	0.177576
[10] 3960	0.178464
[10] 3970	0.178265
[10] 3980	0.178551
[10] 3985	0.179944
[10] 3995	0.1809
[10] 4005	0.181821
[10] 4015	0.181828
[10] 4025	0.182183
[10] 4030	0.184515
[10] 4040	0.185526
[10] 4050	0.185975
[10] 4060	0.186566
[10] 4070	0.186471
[10] 4075	0.188108
[10] 4085	0.18807
[10] 4095	0.189883
[10] 4105	0.191054
[10] 4115	0.192054
[10] 4120	0.193847
[10] 4130	0.194203
[10] 4140	0.1946
[10] 4150	0.193777
[10] 4160	0.19374
[10] 4165	0.196297
[10] 4175	0.196944
[10] 4185	0.196677
[10] 4195	0.197291
[10] 4205	0.197208
[10] 4210	0.199859
[10] 4220	0.200164
[10] 4230	0.200234
[10] 4240	0.200914
[10] 4250	0.202239
[10] 4255	0.204521
[10] 4265	0.205597
[10] 4275	0.206539
[10] 4285	0.207445
[10] 4295	0.206557
[10] 4300	0.208129
[10] 4310	0.209431
[10] 4320	0.208907
[10] 4330	0.209638
[10] 4340	0.209952
[10] 4345	0.211761
[10] 4355	0.212933
[10] 4365	0.2131
[10] 4375	0.213891
[10] 4385	0.214065
[10] 4390	0.216093
[10] 4400	0.216681
[10] 4410	0.218135
[10] 4420	0.218261
[10] 4430	0.218536
[10] 4435	0.221215
[10] 4445	0.221333
[10] 4455	0.222351
[10] 4465	0.221982
[10] 4475	0.222434
[10] 4480	0.226463
[10] 4490	0.225358
[10] 4500	0.225967
[10] 4510	0.225434
[10] 4520	0.22633
[10] 4525	0.228804
[10] 4535	0.230357
[10] 4545	0.228925
[10] 4555	0.230702
[10] 4565	0.230254
[10] 4570	0.233763
[10] 4580	0.233265
[10] 4590	0.234424
[10] 4600	0.236084
[10] 4610	0.235314
[10] 4615	0.25397
[10] 4625	0.238858
[10] 4635	0.240518
[10] 4645	0.240109
[10] 4655	0.239983
[10] 4660	0.241509
[10] 4670	0.24315
[10] 4680	0.242662
[10] 4690	0.244316
[10] 4700	0.24452
[10] 4705	0.247721
[10] 4715	0.248384
[10] 4725	0.249089
[10] 4735	0.247271
[10] 4745	0.249024
[10] 4750	0.251019
[10] 4760	0.252081
[10] 4770	0.251847
[10] 4780	0.253578
[10] 4790	0.252969
[10] 4795	0.256417
[10] 4805	0.256801
[10] 4815	0.259008
[10] 4825	0.261737
[10] 4835	0.261348
[10] 4840	0.262986
[10] 4850	0.263414
[10] 4860	0.264614
[10] 4870	0.262468
[10] 4880	0.261758
[10] 4885	0.264257
[10] 4895	0.268242
[10] 4905	0.269192
[10] 4915	0.267102
[10] 4925	0.26754
[10] 4930	0.272025
[10] 4940	0.273485
[10] 4950	0.271965
[10] 4960	0.271075
[10] 4970	0.274536
[10] 4975	0.276048
[10] 4985	0.276547
[10] 4995	0.278188
[10] 5005	0.277899
[10] 5015	0.277863
[10] 5020	0.280574
[10] 5030	0.280381
[10] 5040	0.281581
[10] 5050	0.28158
[10] 5060	0.282045
[10] 5065	0.284934
[10] 5075	0.286116
[10] 5085	0.284569
[10] 5095	0.286177
[10] 5105	0.287079
[10] 5110	0.290791
[10] 5120	0.289559
[10] 5130	0.290409
[10] 5140	0.29116
[10] 5150	0.291925
[10] 5155	0.293689
[10] 5165	0.294988
[10] 5175	0.297033
[10] 5185	0.295706
[10] 5195	0.294683
[10] 5200	0.29902
[10] 5210	0.300737
[10] 5220	0.300068
[10] 5230	0.300009
[10] 5240	0.300441
[10] 5245	0.303785
[10] 5255	0.305242
[10] 5265	0.304335
[10] 5275	0.304541
[10] 5285	0.304656
[10] 5290	0.30655
[10] 5300	0.308757
[10] 5310	0.310778
[10] 5320	0.309986
[10] 5330	0.30897
[10] 5335	0.312194
[10] 5345	0.312965
[10] 5355	0.312473
[10] 5365	0.314183
[10] 5375	0.315739
[10] 5380	0.319843
[10] 5390	0.3198
[10] 5400	0.318783
[10] 5410	0.32307
[10] 5420	0.32295
[10] 5425	0.325048
[10] 5435	0.325257
[10] 5445	0.3269
[10] 5455	0.324021
[10] 5465	0.326309
[10] 5470	0.327848
[10] 5480	0.329368
[10] 5490	0.329326
[10] 5500	0.328397
[10] 5510	0.328615
[10] 5515	0.332161
[10] 5525	0.334916
[10] 5535	0.336659
[10] 5545	0.338078
[10] 5555	0.341211
[10] 5560	0.340819
[10] 5570	0.338784
[10] 5580	0.33854
[10] 5590	0.339878
[10] 5600	0.342797
[10] 5605	0.343435
[10] 5615	0.343427
[10] 5625	0.345892
[10] 5635	0.34466
[10] 5645	0.345172
[10] 5650	0.348427
[10] 5660	0.349731
[10] 5670	0.350364
[10] 5680	0.351041
[10] 5690	0.35373
[10] 5695	0.356696
[10] 5705	0.353981
[10] 5715	0.357092
[10] 5725	0.35513
[10] 5735	0.354659
[10] 5740	0.35929
[10] 5750	0.358969
[10] 5760	0.35986
[10] 5770	0.362554
[10] 5780	0.361668
[10] 5785	0.364064
[10] 5795	0.364477
[10] 5805	0.365919
[10] 5815	0.365213
[10] 5825	0.365646
[10] 5830	0.368941
[10] 5840	0.371061
[10] 5850	0.372586
[10] 5860	0.372183
[10] 5870	0.373828
[10] 5875	0.377747
[10] 5885	0.37573
[10] 5895	0.375657
[10] 5905	0.377699
[10] 5915	0.378107
[10] 5920	0.379171
[10] 5930	0.380846
[10] 5940	0.382053
[10] 5950	0.381771
[10] 5960	0.38355
[10] 5965	0.385278
[10] 5975	0.386437
[10] 5985	0.388221
[10] 5995	0.387948
[10] 6005	0.390978
[10] 6010	0.393328
[10] 6020	0.391673
[10] 6030	0.392621
[10] 6040	0.394478
[10] 6050	0.392314
[10] 6055	0.396829
[10] 6065	0.399068
[10] 6075	0.397878
[10] 6085	0.398398
[10] 6095	0.400758
[10] 6100	0.403095
[10] 6110	0.403136
[10] 6120	0.402989
[10] 6130	0.404355
[10] 6140	0.403898
[10] 6145	0.407686
[10] 6155	0.408519
[10] 6165	0.409902
[10] 6175	0.408808
[10] 6185	0.409235
[10] 6190	0.413304
[10] 6200	0.414351
[10] 6210	0.414075
[10] 6220	0.415545
[10] 6230	0.415502
[10] 6235	0.421451
[10] 6245	0.419511
[10] 6255	0.424097
[10] 6265	0.422162
[10] 6275	0.42071
[10] 6280	0.427536
[10] 6290	0.425179
[10] 6300	0.426429
[10] 6310	0.427648
[10] 6320	0.427753
[10] 6325	0.430398
[10] 6335	0.431024
[10] 6345	0.431746
[10] 6355	0.432434
[10] 6365	0.433026
[10] 6370	0.437797
[10] 6380	0.440358
[10] 6390	0.441992
[10] 6400	0.441619
[10] 6410	0.439263
[10] 6415	0.444443
[10] 6425	0.444066
[10] 6435	0.443536
[10] 6445	0.444745
[10] 6455	0.444487
[10] 6460	0.449214
[10] 6470	0.44862
[10] 6480	0.450631
[10] 6490	0.449852
[10] 6500	0.451715
[10] 6505	0.454497
[10] 6515	0.455928
[10] 6525	0.454604
[10] 6535	0.456167
[10] 6545	0.458086
[10] 6550	0.460978
[10] 6560	0.46181
[10] 6570	0.461631
[10] 6580	0.463653
[10] 6590	0.464748
[10] 6595	0.469518
[10] 6605	0.46833
[10] 6615	0.469844
[10] 6625	0.469783
[10] 6635	0.468891
[10] 6640	0.474096
[10] 6650	0.473489
[10] 6660	0.474893
[10] 6670	0.475975
[10] 6680	0.47702
[10] 6685	0.479768
[10] 6695	0.480792
[10] 6705	0.481067
[10] 6715	0.481416
[10] 6725	0.481253
[10] 6730	0.484652
[10] 6740	0.485969
[10] 6750	0.488448
[10] 6760	0.486971
[10] 6770	0.488791
[10] 6775	0.491309
[10] 6785	0.493192
[10] 6795	0.495747
[10] 6805	0.495059
[10] 6815	0.495309
[10] 6820	0.50001
[10] 6830	0.499551
[10] 6840	0.500221
[10] 6850	0.500872
[10] 6860	0.500902
[10] 6865	0.504441
[10] 6875	0.504199
[10] 6885	0.505575
[10] 6895	0.509048
[10] 6905	0.508359
[10] 6910	0.510263
[10] 6920	0.510995
[10] 6930	0.512001
[10] 6940	0.511251
[10] 6950	0.513811
[10] 6955	0.516521
[10] 6965	0.521003
[10] 6975	0.517392
[10] 6985	0.519245
[10] 6995	0.519352
[10] 7000	0.523197
[10] 7010	0.522842
[10] 7020	0.52568
[10] 7030	0.523902
[10] 7040	0.525639
[10] 7045	0.528921
[10] 7055	0.52906
[10] 7065	0.531182
[10] 7075	0.530382
[10] 7085	0.532467
[10] 7090	0.536082
[10] 7100	0.536333
[10] 7110	0.537328
[10] 7120	0.538386
[10] 7130	0.538336
[10] 7135	0.543023
[10] 7145	0.543048
[10] 7155	0.54396
[10] 7165	0.545218
[10] 7175	0.545013
[10] 7180	0.551759
[10] 7190	0.551636
[10] 7200	0.551156
[10] 7210	0.552072
[10] 7220	0.552026
[10] 7225	0.557599
[10] 7235	0.556558
[10] 7245	0.558034
[10] 7255	0.557135
[10] 7265	0.558631
[10] 7270	0.56234
[10] 7280	0.564525
[10] 7290	0.565114
[10] 7300	0.567741
[10] 7310	0.56638
[10] 7315	0.569783
[10] 7325	0.56935
[10] 7335	0.570375
[10] 7345	0.572209
[10] 7355	0.571714
[10] 7360	0.577574
[10] 7370	0.57615
[10] 7380	0.578936
[10] 7390	0.578945
[10] 7400	0.579195
[10] 7405	0.582929
[10] 7415	0.584325
[10] 7425	0.585075
[10] 7435	0.58588
[10] 7445	0.588284
[10] 7450	0.591006
[10] 7460	0.590667
[10] 7470	0.592342
[10] 7480	0.590962
[10] 7490	0.594158
[10] 7495	0.595793
[10] 7505	0.59899
[10] 7515	0.604879
[10] 7525	0.600037
[10] 7535	0.60349
[10] 7540	0.605462
[10] 7550	0.606357
[10] 7560	0.607719
[10] 7570	0.607567
[10] 7580	0.609956
[10] 7585	0.613986
[10] 7595	0.612125
[10] 7605	0.613041
[10] 7615	0.616057
[10] 7625	0.615022
[10] 7630	0.619359
[10] 7640	0.619645
[10] 7650	0.619738
[10] 7660	0.620019
[10] 7670	0.622112
[10] 7675	0.628523
[10] 7685	0.627066
[10] 7695	0.630392
[10] 7705	0.62918
[10] 7715	0.630707
[10] 7720	0.634798
[10] 7730	0.63735
[10] 7740	0.638044
[10] 7750	0.638681
[10] 7760	0.636668
[10] 7765	0.643139
[10] 7775	0.640649
[10] 7785	0.641474
[10] 7795	0.644789
[10] 7805	0.645378
[10] 7810	0.6493
[10] 7820	0.649696
[10] 7830	0.649346
[10] 7840	0.64819
[10] 7850	0.652828
[10] 7855	0.654701
[10] 7865	0.655265
[10] 7875	0.655066
[10] 7885	0.65747
[10] 7895	0.660341
[10] 7900	0.662948
[10] 7910	0.663298
[10] 7920	0.663466
[10] 7930	0.66398
[10] 7940	0.665284
[10] 7945	0.668804
[10] 7955	0.670856
[10] 7965	0.671331
[10] 7975	0.674215
[10] 7985	0.670744
[10] 7990	0.674939
[10] 8000	0.678212
[10] 8010	0.678646
[10] 8020	0.680074
[10] 8030	0.678718
[10] 8035	0.683826
[10] 8045	0.683883
[10] 8055	0.688862
[10] 8065	0.687399
[10] 8075	0.688181
[10] 8080	0.690798
[10] 8090	0.692359
[10] 8100	0.695719
[10] 8110	0.696893
[10] 8120	0.696315
[10] 8125	0.700446
[10] 8135	0.702295
[10] 8145	0.702167
[10] 8155	0.703148
[10] 8165	0.711473
[10] 8170	0.709035
[10] 8180	0.707835
[10] 8190	0.708137
[10] 8200	0.712818
[10] 8210	0.712287
[10] 8215	0.718196
[10] 8225	0.717667
[10] 8235	0.717816
[10] 8245	0.718408
[10] 8255	0.720356
[10] 8260	0.725521
[10] 8270	0.724814
[10] 8280	0.722863
[10] 8290	0.724125
[10] 8300	0.725764
[10] 8305	0.727587
[10] 8315	0.733467
[10] 8325	0.733658
[10] 8335	0.734997
[10] 8345	0.731426
[10] 8350	0.73834
[10] 8360	0.738447
[10] 8370	0.74164
[10] 8380	0.739611
[10] 8390	0.740656
[10] 8395	0.741672
[10] 8405	0.743587
[10] 8415	0.744475
[10] 8425	0.745505
[10] 8435	0.745888
[10] 8440	0.749745
[10] 8450	0.750605
[10] 8460	0.751796
[10] 8470	0.752855
[10] 8480	0.753451
[10] 8485	0.758949
[10] 8495	0.760405
[10] 8505	0.760913
[10] 8515	0.760775
[10] 8525	0.762228
[10] 8530	0.765456
[10] 8540	0.765407
[10] 8550	0.770191
[10] 8560	0.768618
[10] 8570	0.772127
[10] 8575	0.773222
[10] 8585	0.774284
[10] 8595	0.774601
[10] 8605	0.777205
[10] 8615	0.777914
[10] 8620	0.7816
[10] 8630	0.781958
[10] 8640	0.781872
[10] 8650	0.783349
[10] 8660	0.784853
[10] 8665	0.788614
[10] 8675	0.790238
[10] 8685	0.790644
[10] 8695	0.793137
[10] 8705	0.793236
[10] 8710	0.79603
[10] 8720	0.796507
[10] 8730	0.798837
[10] 8740	0.801433
[10] 8750	0.800618
[10] 8755	0.807027
[10] 8765	0.806611
[10] 8775	0.807258
[10] 8785	0.808451
[10] 8795	0.808323
[10] 8800	0.815395
[10] 8810	0.813138
[10] 8820	0.815242
[10] 8830	0.815012
[10] 8840	0.81699
[10] 8845	0.821894
[10] 8855	0.821645
[10] 8865	0.824754
[10] 8875	0.824792
[10] 8885	0.826535
[10] 8890	0.829389
[10] 8900	0.830753
[10] 8910	0.830813
[10] 8920	0.831868
[10] 8930	0.834929
[10] 8935	0.837413
[10] 8945	0.839019
[10] 8955	0.840853
[10] 8965	0.840898
[10] 8975	0.841778
[10] 8980	0.845581
[10] 8990	0.845949
[10] 9000	0.848795
[10] 9010	0.847091
[10] 9020	0.848807
