50	0.014155
150	0.0076557
250	0.00494426
350	0.00243829
450	0.00754447
550	0.0031733
650	0.00352798
750	0.00388415
850	0.00895901
900	0.00729633
950	0.00788165
1000	0.00810803
1050	0.00829919
1100	0.00849481
1150	0.00875042
1200	0.00893523
1250	0.00918654
1300	0.00937845
1350	0.0109722
1400	0.0117566
1450	0.0119963
1500	0.0213161
1550	0.0125962
1600	0.0127375
1650	0.0130254
1700	0.0131973
1750	0.0134656
1800	0.0152303
1850	0.0160314
1900	0.0163404
1950	0.0165626
2000	0.0168345
2050	0.0171395
2100	0.0173688
2150	0.0176328
2200	0.0179041
2250	0.0199052
2300	0.0208189
2350	0.0209959
2400	0.0213335
2450	0.0215602
2500	0.0218371
2550	0.0221409
2600	0.0224032
2650	0.0227008
2700	0.0254324
2750	0.025781
2800	0.026106
2850	0.026386
2900	0.0266492
2950	0.0397031
3000	0.0272872
3050	0.0275826
3100	0.027956
3150	0.0303061
3200	0.0311587
3250	0.0315048
3300	0.0318476
3350	0.0321878
3400	0.0325012
3450	0.0328631
3500	0.0331661
3550	0.0335218
3600	0.0364529
3650	0.0370441
3700	0.0373994
3750	0.0377143
3800	0.0381316
3850	0.0383995
3900	0.0387566
3950	0.0396591
4000	0.0394531
4050	0.042335
4100	0.0435492
4150	0.0437078
4200	0.0440032
4250	0.044342
4300	0.0447103
4350	0.0450923
4400	0.0454442
4450	0.0458489
4500	0.0489885
4550	0.0498229
4600	0.0502572
4650	0.0506215
4700	0.0510144
4750	0.0513838
4800	0.051802
4850	0.0521707
4900	0.0525554
4950	0.0558711
5000	0.056823
5050	0.0572337
5100	0.0576635
5150	0.0581222
5200	0.0584864
5250	0.0588957
5300	0.059291
5350	0.0597441
5400	0.0633956
5450	0.0672436
5500	0.0655534
5550	0.065154
5600	0.0655281
5650	0.0659591
5700	0.0664521
5750	0.0668887
5800	0.0677123
5850	0.0728991
5900	0.0726987
5950	0.073215
6000	0.0729494
6050	0.0733822
6100	0.0737951
6150	0.0742329
6200	0.0747724
6250	0.0751758
6300	0.0790846
6350	0.0802243
6400	0.0808544
6450	0.0811661
6500	0.0815874
6550	0.0820728
6600	0.0825528
6650	0.0835481
6700	0.0835445
6750	0.0876723
6800	0.0888105
6850	0.0892588
6900	0.0897721
6950	0.0902811
7000	0.0909387
7050	0.0912295
7100	0.0916881
7150	0.092214
7200	0.0966395
7250	0.0984856
7300	0.100223
7350	0.0994633
7400	0.0993764
7450	0.100645
7500	0.100315
7550	0.101004
7600	0.101653
7650	0.106003
7700	0.107134
7750	0.108299
7800	0.108242
7850	0.108697
7900	0.109427
7950	0.109709
8000	0.110311
8050	0.1112
8100	0.115711
8150	0.116864
8200	0.120978
8250	0.120491
8300	0.118581
8350	0.119264
8400	0.120414
8450	0.120209
8500	0.120767
8550	0.126124
8600	0.12722
8650	0.128203
8700	0.128242
8750	0.129134
8800	0.129478
8850	0.129962
8900	0.13051
8950	0.13188
9000	0.136405
9050	0.137609
9100	0.138363
9150	0.138895
9200	0.139959
9250	0.145695
9300	0.141163
9350	0.141253
9400	0.142005
9450	0.147428
9500	0.148534
9550	0.149332
9600	0.14973
9650	0.151088
9700	0.151028
9750	0.151658
9800	0.152314
9850	0.152924
9900	0.15863
9950	0.159883
10000	0.160589
10050	0.16202
10100	0.162031
10150	0.162843
10200	0.163232
10250	0.163904
10300	0.165282
10350	0.170901
10400	0.174635
10450	0.17242
10500	0.173199
10550	0.173832
10600	0.176209
10650	0.17955
10700	0.177218
10750	0.176359
10800	0.183193
10850	0.184796
10900	0.184713
10950	0.185973
11000	0.186077
11050	0.186784
11100	0.187401
11150	0.188154
11200	0.189544
11250	0.19531
11300	0.196632
11350	0.197265
11400	0.197975
11450	0.199472
11500	0.199487
11550	0.200318
11600	0.241712
11650	0.204712
11700	0.208383
11750	0.20962
11800	0.210466
11850	0.211833
11900	0.211944
11950	0.212606
12000	0.213267
12050	0.214255
12100	0.215438
12150	0.222481
12200	0.22413
12250	0.223849
12300	0.225173
12350	0.225623
12400	0.226385
12450	0.227249
12500	0.227587
12550	0.228542
12600	0.236036
12650	0.23683
12700	0.237777
12750	0.238812
12800	0.239169
12850	0.239807
12900	0.240672
12950	0.242029
13000	0.242577
13050	0.249479
13100	0.254432
13150	0.252594
13200	0.253676
13250	0.253478
13300	0.254159
13350	0.254992
13400	0.256619
13450	0.256619
13500	0.264612
13550	0.265529
13600	0.269645
13650	0.268372
13700	0.268543
13750	0.268904
13800	0.27058
13850	0.270522
13900	0.271529
13950	0.279654
14000	0.280826
14050	0.282383
14100	0.28349
14150	0.283413
14200	0.28397
14250	0.284709
14300	0.286182
14350	0.286727
14400	0.294349
14450	0.299292
14500	0.301835
14550	0.298327
14600	0.299168
14650	0.299683
14700	0.300464
14750	0.301876
14800	0.302844
14850	0.310941
14900	0.311874
14950	0.312817
15000	0.314016
15050	0.314292
15100	0.315178
15150	0.316294
15200	0.317267
15250	0.317955
15300	0.3267
15350	0.328124
15400	0.335335
15450	0.330775
15500	0.33061
15550	0.332172
15600	0.332799
15650	0.333213
15700	0.335084
15750	0.343828
15800	0.344522
15850	0.346257
15900	0.346572
15950	0.347225
16000	0.348982
16050	0.355432
16100	0.350066
16150	0.351551
16200	0.360048
16250	0.361745
16300	0.362991
16350	0.36332
16400	0.365399
16450	0.368251
16500	0.366725
16550	0.367772
16600	0.368287
16650	0.378412
16700	0.38013
16750	0.379937
16800	0.381816
16850	0.381832
16900	0.383597
16950	0.384359
17000	0.38518
17050	0.385608
17100	0.395584
17150	0.3973
17200	0.397636
17250	0.398619
17300	0.400479
17350	0.400595
17400	0.402089
17450	0.40378
17500	0.406641
17550	0.413671
17600	0.416733
17650	0.416611
17700	0.417479
17750	0.417949
17800	0.419071
17850	0.420143
17900	0.420831
17950	0.422549
18000	0.432043
18050	0.433569
18100	0.435053
18150	0.435489
18200	0.443181
18250	0.437974
18300	0.439293
18350	0.443441
18400	0.441441
18450	0.451491
18500	0.452301
18550	0.454077
18600	0.454483
18650	0.455929
18700	0.456413
18750	0.458183
18800	0.458738
18850	0.46049
18900	0.470737
18950	0.478011
19000	0.472866
19050	0.477935
19100	0.476774
19150	0.476855
19200	0.477582
19250	0.479506
19300	0.479686
19350	0.490536
19400	0.49166
19450	0.493309
19500	0.493988
19550	0.495533
19600	0.497073
19650	0.50015
19700	0.498707
19750	0.500321
19800	0.511221
19850	0.512651
19900	0.513098
19950	0.5146
20000	0.515311
20050	0.516988
20100	0.517423
20150	0.522216
20200	0.521113
20250	0.531727
20300	0.532891
20350	0.535537
20400	0.534852
20450	0.537073
20500	0.537533
20550	0.540071
20600	0.539571
20650	0.542568
20700	0.552166
20750	0.55486
20800	0.556419
20850	0.556245
20900	0.558169
20950	0.558543
21000	0.566838
21050	0.561154
21100	0.566324
21150	0.574235
21200	0.57533
21250	0.57701
21300	0.578487
21350	0.578752
21400	0.580539
21450	0.581941
21500	0.586435
21550	0.585695
21600	0.596368
21650	0.59727
21700	0.599233
21750	0.59976
21800	0.608331
21850	0.603753
21900	0.605021
21950	0.604946
22000	0.605825
22050	0.617828
22100	0.620034
22150	0.627426
22200	0.6227
22250	0.624828
22300	0.625007
22350	0.626389
22400	0.626716
22450	0.628601
22500	0.641204
22550	0.645227
22600	0.645131
22650	0.644977
22700	0.646242
22750	0.648349
22800	0.648802
22850	0.650059
22900	0.65782
22950	0.663419
