50	0.00233612
150	0.00207879
250	0.000754617
350	0.000372619
450	0.00217363
550	0.000510174
650	0.000581282
750	0.000645448
850	0.00138236
900	0.000997609
950	0.00106951
1000	0.00118893
1050	0.00115385
1100	0.00119716
1150	0.00124075
1200	0.00128249
1250	0.0013248
1300	0.00136623
1350	0.0015544
1400	0.0016479
1450	0.00169796
1500	0.00408602
1550	0.00179514
1600	0.00183965
1650	0.00188821
1700	0.00194341
1750	0.00197529
1800	0.00222331
1850	0.0023151
1900	0.00236472
1950	0.00242097
2000	0.00246181
2050	0.00259095
2100	0.00256648
2150	0.00261375
2200	0.00266683
2250	0.00295193
2300	0.00316554
2350	0.00320422
2400	0.0034595
2450	0.00324708
2500	0.00329678
2550	0.00344797
2600	0.00340629
2650	0.00346009
2700	0.00376886
2750	0.00386852
2800	0.00392165
2850	0.0039939
2900	0.0041153
2950	0.00568245
3000	0.00416081
3050	0.00429583
3100	0.00428105
3150	0.004656
3200	0.00482765
3250	0.00482499
3300	0.00490416
3350	0.0049466
3400	0.00508554
3450	0.00507182
3500	0.00513612
3550	0.00526919
3600	0.00567585
3650	0.00573383
3700	0.00586757
3750	0.00586302
3800	0.00593619
3850	0.00607284
3900	0.00606501
3950	0.00613414
4000	0.00627648
4050	0.00667524
4100	0.00678047
4150	0.00684782
4200	0.00700589
4250	0.0069891
4300	0.00714514
4350	0.00716016
4400	0.00728195
4450	0.00728045
4500	0.00779472
4550	0.00791478
4600	0.00805535
4650	0.00807709
4700	0.0082016
4750	0.00820475
4800	0.00835378
4850	0.00835438
4900	0.00850402
4950	0.00899189
5000	0.00919012
5050	0.00918616
5100	0.00933597
5150	0.009349
5200	0.00949667
5250	0.00957762
5300	0.00958551
5350	0.00973995
5400	0.0103451
5450	0.0104718
5500	0.0105629
5550	0.0105586
5600	0.0107177
5650	0.0107552
5700	0.0108857
5750	0.0113553
5800	0.0110724
5850	0.0117929
5900	0.0118459
5950	0.0118472
6000	0.0120086
6050	0.0121017
6100	0.0121787
6150	0.0122252
6200	0.0123566
6250	0.0124409
6300	0.0130833
6350	0.013577
6400	0.0137018
6450	0.0134512
6500	0.0135786
6550	0.0135598
6600	0.0137251
6650	0.0138187
6700	0.0139112
6750	0.0145913
6800	0.0147114
6850	0.0148773
6900	0.0149747
6950	0.0150838
7000	0.0151728
7050	0.0152625
7100	0.0153615
7150	0.0154531
7200	0.0162331
7250	0.0165032
7300	0.0170111
7350	0.0165319
7400	0.0166266
7450	0.0167338
7500	0.0168387
7550	0.0169286
7600	0.0170276
7650	0.0178067
7700	0.0180383
7750	0.0181387
7800	0.0182256
7850	0.0183173
7900	0.0184206
7950	0.0185212
8000	0.0186205
8050	0.0187275
8100	0.0195808
8150	0.0197483
8200	0.0198595
8250	0.0199629
8300	0.0200676
8350	0.0202455
8400	0.0202886
8450	0.0203918
8500	0.0206404
8550	0.0214176
8600	0.0215788
8650	0.021736
8700	0.0221589
8750	0.0219193
8800	0.0220244
8850	0.0221684
8900	0.0222823
8950	0.0223591
9000	0.0235479
9050	0.0235358
9100	0.0236247
9150	0.0237538
9200	0.0238486
9250	0.0239981
9300	0.0241301
9350	0.024208
9400	0.0243319
9450	0.025437
9500	0.0255934
9550	0.0256451
9600	0.0257637
9650	0.0258965
9700	0.0260436
9750	0.0261687
9800	0.0262352
9850	0.0263798
9900	0.0274068
9950	0.027611
10000	0.027758
10050	0.027923
10100	0.027977
10150	0.0281372
10200	0.0282977
10250	0.0284271
10300	0.0285449
10350	0.0296675
10400	0.0298384
10450	0.0299827
10500	0.0301198
10550	0.0303128
10600	0.0304445
10650	0.0305097
10700	0.0307829
10750	0.0308393
10800	0.0320115
10850	0.0321868
10900	0.0323034
10950	0.0324555
11000	0.0331514
11050	0.0334393
11100	0.0337477
11150	0.0338407
11200	0.033988
11250	0.0353382
11300	0.0354257
11350	0.0356186
11400	0.0357335
11450	0.0358761
11500	0.0360685
11550	0.0361746
11600	0.0387808
11650	0.0365204
11700	0.0375372
11750	0.0377576
11800	0.0379722
11850	0.0381902
11900	0.0381942
11950	0.0383222
12000	0.0394113
12050	0.0391734
12100	0.0387754
12150	0.0402148
12200	0.0396146
12250	0.0398154
12300	0.0399264
12350	0.0400917
12400	0.0402858
12450	0.0404018
12500	0.0406108
12550	0.040734
12600	0.0419751
12650	0.0422921
12700	0.0436246
12750	0.0428043
12800	0.0428074
12850	0.0447817
12900	0.0434229
12950	0.0432831
13000	0.0434134
13050	0.0448251
13100	0.0449932
13150	0.0452008
13200	0.045335
13250	0.0454773
13300	0.0462374
13350	0.0458422
13400	0.0460336
13450	0.0461575
13500	0.0475677
13550	0.0478525
13600	0.0479619
13650	0.0481546
13700	0.0483531
13750	0.0485199
13800	0.0491585
13850	0.0488525
13900	0.0491014
13950	0.0504726
14000	0.0507418
14050	0.0509343
14100	0.0510607
14150	0.0512799
14200	0.0517294
14250	0.0518525
14300	0.0517495
14350	0.0520577
14400	0.0534115
14450	0.0536789
14500	0.0538761
14550	0.0545629
14600	0.0554093
14650	0.0553319
14700	0.0554637
14750	0.0558696
14800	0.0557829
14850	0.0576081
14900	0.0568198
14950	0.0575556
15000	0.0571372
15050	0.0573135
15100	0.0575342
15150	0.0577207
15200	0.0579142
15250	0.0580964
15300	0.0598277
15350	0.0600311
15400	0.0601306
15450	0.0603238
15500	0.0605193
15550	0.0607791
15600	0.0608914
15650	0.0610751
15700	0.06133
15750	0.0629107
15800	0.0632549
15850	0.0633977
15900	0.0635475
15950	0.0638581
16000	0.0639545
16050	0.0641367
16100	0.0643374
16150	0.0645556
16200	0.0662316
16250	0.0665324
16300	0.0667766
16350	0.0669285
16400	0.0671076
16450	0.06737
16500	0.067957
16550	0.0677367
16600	0.0679358
16650	0.0697392
16700	0.071025
16750	0.0714327
16800	0.0716513
16850	0.0716747
16900	0.072026
16950	0.0721814
17000	0.07238
17050	0.0726229
17100	0.073838
17150	0.0737575
17200	0.0737095
17250	0.0739132
17300	0.0745397
17350	0.0742969
17400	0.0745047
17450	0.0752329
17500	0.0749547
17550	0.076752
17600	0.077077
17650	0.0772983
17700	0.0780135
17750	0.0778564
17800	0.0779439
17850	0.0781016
17900	0.0783203
17950	0.0784873
18000	0.0804275
18050	0.0807082
18100	0.0809651
18150	0.0811579
18200	0.0813934
18250	0.0819449
18300	0.0819262
18350	0.0820054
18400	0.0824413
18450	0.0851625
18500	0.0861408
18550	0.0862304
18600	0.0865006
18650	0.0872269
18700	0.0870883
18750	0.0883346
18800	0.0867508
18850	0.0862413
18900	0.0882303
18950	0.0884322
19000	0.0886791
19050	0.0890604
19100	0.0892281
19150	0.0894211
19200	0.0896116
19250	0.0901456
19300	0.0900726
19350	0.0921384
19400	0.0924665
19450	0.0932939
19500	0.092841
19550	0.0931325
19600	0.0933731
19650	0.0936487
19700	0.0938616
19750	0.0940478
19800	0.0966432
19850	0.0965325
19900	0.0971822
19950	0.0987428
20000	0.0992288
20050	0.0994626
20100	0.099385
20150	0.0996173
20200	0.100053
20250	0.100731
20300	0.100658
20350	0.100885
20400	0.101757
20450	0.101335
20500	0.101593
20550	0.101859
20600	0.102139
20650	0.102273
20700	0.10442
20750	0.104785
20800	0.105729
20850	0.105262
20900	0.105544
20950	0.105777
21000	0.106062
21050	0.106254
21100	0.106471
21150	0.108975
21200	0.109634
21250	0.109993
21300	0.109519
21350	0.110438
21400	0.110046
21450	0.110314
21500	0.11052
21550	0.110742
21600	0.113086
21650	0.113384
21700	0.113636
21750	0.113814
21800	0.114098
21850	0.11434
21900	0.114822
21950	0.115248
22000	0.115111
22050	0.117879
22100	0.117807
22150	0.117985
22200	0.118261
22250	0.119035
22300	0.118765
22350	0.119673
22400	0.119652
22450	0.119603
22500	0.121865
22550	0.122672
22600	0.122477
22650	0.122742
22700	0.12306
22750	0.123224
22800	0.123488
22850	0.123684
22900	0.123978
22950	0.126418
