5	0.00852576
15	0.00256262
25	0.000533758
35	0.000216674
45	0.00196187
55	0.000289702
70	0.000376554
85	0.000906399
100	0.000479202
110	0.00357486
115	0.000938068
125	0.000900011
135	0.000943208
145	0.00104848
155	0.00345979
160	0.00122947
170	0.00139736
180	0.00131547
190	0.00145259
200	0.00138725
205	0.0016969
215	0.00165664
225	0.00176081
235	0.00176262
245	0.00181613
250	0.00221092
260	0.00229249
270	0.00216843
280	0.00227935
290	0.00234103
295	0.00407175
305	0.00270842
315	0.0027017
325	0.00282825
335	0.00282051
340	0.00307963
350	0.00318527
360	0.00322993
370	0.00338719
380	0.00341666
385	0.00365893
395	0.00374449
405	0.00391626
415	0.00386863
425	0.00393907
430	0.00424048
440	0.00440906
450	0.00440297
460	0.00459129
470	0.00454424
475	0.00493291
485	0.00496858
495	0.00505486
505	0.00514797
515	0.00517652
520	0.00551733
530	0.00569725
540	0.00574706
550	0.0057778
560	0.00591575
565	0.00624132
575	0.00638745
585	0.00863894
595	0.00650778
605	0.00658427
610	0.00701438
620	0.00714247
630	0.00718381
640	0.0073195
650	0.00736378
655	0.00820784
665	0.00825492
675	0.00822884
685	0.00809874
695	0.0082363
700	0.00863577
710	0.00877986
720	0.00882065
730	0.0089698
740	0.00901069
745	0.00953386
755	0.00964834
765	0.00974659
775	0.009955
785	0.0100832
790	0.010543
800	0.0106403
810	0.010672
820	0.0107847
830	0.0108716
835	0.0113262
845	0.0115136
855	0.0116182
865	0.0116768
875	0.0118424
880	0.012377
890	0.0124975
900	0.0125524
910	0.0127126
920	0.012855
925	0.0133689
935	0.013524
945	0.0136337
955	0.0137388
965	0.0138801
970	0.0144518
980	0.014588
990	0.0147052
1000	0.0148451
1010	0.0149543
1015	0.0155418
1025	0.0157241
1035	0.015827
1045	0.0159525
1055	0.0160116
1060	0.0166953
1070	0.0168858
1080	0.0170165
1090	0.0171111
1100	0.0175404
1105	0.0178862
1115	0.0180156
1125	0.0181671
1135	0.0183099
1145	0.0184597
1150	0.0197369
1160	0.0238141
1170	0.0194818
1180	0.0195215
1190	0.0196916
1195	0.0204312
1205	0.0205028
1215	0.0206785
1225	0.0207865
1235	0.0209786
1240	0.0216901
1250	0.0218425
1260	0.022009
1270	0.0221243
1280	0.0222887
1285	0.0230728
1295	0.0231852
1305	0.0233307
1315	0.0238861
1325	0.0239555
1330	0.0244255
1340	0.024538
1350	0.0249915
1360	0.0249309
1370	0.0250473
1375	0.0257765
1385	0.0259543
1395	0.0261809
1405	0.0262745
1415	0.0264831
1420	0.027207
1430	0.0274592
1440	0.0275977
1450	0.0277428
1460	0.0279207
1465	0.0287721
1475	0.0290009
1485	0.0290488
1495	0.0293021
1505	0.0294376
1510	0.0303216
1520	0.0304995
1530	0.0306565
1540	0.0310409
1550	0.0310411
1555	0.0318513
1565	0.0320597
1575	0.0322156
1585	0.0324438
1595	0.0325898
1600	0.0334738
1610	0.0336621
1620	0.0338412
1630	0.0344309
1640	0.0341884
1645	0.035085
1655	0.0352753
1665	0.0355637
1675	0.0356609
1685	0.0358289
1690	0.0368064
1700	0.0373522
1710	0.0372317
1720	0.0373764
1730	0.0376133
1735	0.0386377
1745	0.0387186
1755	0.0388818
1765	0.042972
1775	0.0392836
1780	0.0403173
1790	0.0404864
1800	0.0408305
1810	0.0408777
1820	0.0410836
1825	0.0421874
1835	0.0428889
1845	0.0425331
1855	0.0429039
1865	0.0435582
1870	0.0439904
1880	0.0441961
1890	0.0444473
1900	0.0446009
1910	0.0448393
1915	0.0459032
1925	0.046032
1935	0.0463049
1945	0.0465152
1955	0.047311
1960	0.0477796
1970	0.0480982
1980	0.0481584
1990	0.0484267
2000	0.0486304
2005	0.0497488
2015	0.0500327
2025	0.0502065
2035	0.0504122
2045	0.0509935
2050	0.0521717
2060	0.0524884
2070	0.0522873
2080	0.0524248
2090	0.0526768
2095	0.0537751
2105	0.0540681
2115	0.0543019
2125	0.0545803
2135	0.0547296
2140	0.0558796
2150	0.056129
2160	0.0569232
2170	0.0565927
2180	0.0568741
2185	0.0580312
2195	0.0582939
2205	0.058551
2215	0.0592906
2225	0.0589392
2230	0.060223
2240	0.0625425
2250	0.0606358
2260	0.0610346
2270	0.0610748
2275	0.0623564
2285	0.0625081
2295	0.0627821
2305	0.0630364
2315	0.0716694
2320	0.0644518
2330	0.064737
2340	0.0652508
2350	0.0653913
2360	0.065921
2365	0.0667266
2375	0.0678723
2385	0.067298
2395	0.0693344
2405	0.0679116
2410	0.0691705
2420	0.0696042
2430	0.0703032
2440	0.0697933
2450	0.0700103
2455	0.0716957
2465	0.0718156
2475	0.0719025
2485	0.072534
2495	0.0731381
2500	0.0744156
2510	0.0740772
2520	0.0743617
2530	0.0745229
2540	0.0748591
2545	0.0761306
2555	0.0764263
2565	0.0768792
2575	0.0769774
2585	0.0774445
2590	0.0788517
2600	0.0792365
2610	0.0791671
2620	0.0793445
2630	0.0796786
2635	0.0820021
2645	0.0814264
2655	0.0817301
2665	0.0819592
2675	0.0822257
2680	0.0836319
2690	0.0839275
2700	0.0844813
2710	0.0850007
2720	0.0849393
2725	0.0862452
2735	0.0865827
2745	0.0870568
2755	0.0872227
2765	0.0877021
2770	0.088896
2780	0.089177
2790	0.0894563
2800	0.0898025
2810	0.09021
2815	0.0919667
2825	0.0921124
2835	0.0921037
2845	0.0925741
2855	0.0927365
2860	0.0942851
2870	0.0956713
2880	0.0991529
2890	0.0960134
2900	0.0955586
2905	0.0974457
2915	0.097351
2925	0.0976357
2935	0.0979883
2945	0.0982604
2950	0.0998512
2960	0.100106
2970	0.101156
2980	0.101106
2990	0.101152
2995	0.103255
3005	0.103669
3015	0.103265
3025	0.103711
3035	0.10393
3040	0.105556
3050	0.105831
3060	0.106099
3070	0.106461
3080	0.106797
3085	0.108857
3095	0.108689
3105	0.109036
3115	0.109326
3125	0.109685
3130	0.111394
3140	0.111601
3150	0.111951
3160	0.112279
3170	0.113026
3175	0.114316
3185	0.114609
3195	0.114961
3205	0.115319
3215	0.115653
3220	0.117237
3230	0.1176
3240	0.118358
3250	0.118302
3260	0.118585
3265	0.120301
3275	0.120785
3285	0.120988
3295	0.12125
3305	0.121645
3310	0.123377
3320	0.124067
3330	0.12405
3340	0.124257
3350	0.124788
3355	0.126466
3365	0.126813
3375	0.127338
3385	0.128445
3395	0.128131
3400	0.130155
3410	0.130562
3420	0.130404
3430	0.13132
3440	0.13091
3445	0.13271
3455	0.133567
3465	0.133436
3475	0.133765
3485	0.134177
3490	0.135958
3500	0.136368
3510	0.136676
3520	0.137338
3530	0.13768
3535	0.139254
3545	0.139613
3555	0.140123
3565	0.140456
3575	0.140679
3580	0.142589
3590	0.143362
3600	0.143377
3610	0.143589
3620	0.144109
3625	0.146004
3635	0.146262
3645	0.146836
3655	0.147308
3665	0.147364
3670	0.149341
3680	0.149802
3690	0.150179
3700	0.150555
3710	0.151457
3715	0.152855
3725	0.153195
3735	0.153614
3745	0.153979
3755	0.156176
3760	0.157235
3770	0.157424
3780	0.15747
3790	0.157943
3800	0.157944
3805	0.159863
3815	0.160218
3825	0.161201
3835	0.160925
3845	0.161686
3850	0.163485
3860	0.163907
3870	0.165078
3880	0.164944
3890	0.165012
3895	0.167039
3905	0.167526
3915	0.167814
3925	0.168464
3935	0.169021
3940	0.1707
3950	0.171124
3960	0.171776
3970	0.172061
3980	0.172594
3985	0.17477
3995	0.180948
4005	0.175727
4015	0.175543
4025	0.175975
4030	0.178307
4040	0.178817
4050	0.179543
4060	0.179903
4070	0.179981
4075	0.182587
4085	0.182783
4095	0.182725
4105	0.18311
4115	0.183536
4120	0.185638
4130	0.186311
4140	0.186852
4150	0.186896
4160	0.187391
4165	0.189524
4175	0.190096
4185	0.190739
4195	0.190864
4205	0.191233
4210	0.193354
4220	0.193789
4230	0.194756
4240	0.194556
4250	0.195195
4255	0.197288
4265	0.197757
4275	0.198525
4285	0.198467
4295	0.199589
4300	0.201203
4310	0.201835
4320	0.207438
4330	0.207568
4340	0.204222
4345	0.205195
4355	0.205651
4365	0.206546
4375	0.2065
4385	0.207124
4390	0.209037
4400	0.210321
4410	0.210341
4420	0.210282
4430	0.21091
4435	0.21311
4445	0.214215
4455	0.213998
4465	0.214428
4475	0.214878
4480	0.217123
4490	0.218526
4500	0.222327
4510	0.220498
4520	0.219057
4525	0.221383
4535	0.222171
4545	0.222275
4555	0.225421
4565	0.224043
4570	0.226247
4580	0.226206
4590	0.226495
4600	0.226963
4610	0.227827
4615	0.245802
4625	0.230264
4635	0.231354
4645	0.231178
4655	0.23193
4660	0.234002
4670	0.234781
4680	0.234896
4690	0.235915
4700	0.235906
4705	0.238294
4715	0.239054
4725	0.245456
4735	0.239886
4745	0.240526
4750	0.242821
4760	0.24452
4770	0.243809
4780	0.244806
4790	0.244583
4795	0.247471
4805	0.247561
4815	0.248027
4825	0.248314
4835	0.249452
4840	0.251548
4850	0.252015
4860	0.252537
4870	0.253572
4880	0.253536
4885	0.256044
4895	0.256451
4905	0.257597
4915	0.257445
4925	0.257999
4930	0.260435
4940	0.26151
4950	0.261783
4960	0.262969
4970	0.268838
4975	0.267332
4985	0.266099
4995	0.266223
5005	0.266596
5015	0.267836
5020	0.269724
5030	0.271012
5040	0.271233
5050	0.271334
5060	0.271722
5065	0.274538
5075	0.27519
5085	0.275306
5095	0.275837
5105	0.276534
5110	0.285588
5120	0.279775
5130	0.280389
5140	0.281705
5150	0.283102
5155	0.284624
5165	0.284778
5175	0.285314
5185	0.285351
5195	0.285907
5200	0.288798
5210	0.289644
5220	0.289509
5230	0.28999
5240	0.291681
5245	0.293397
5255	0.293625
5265	0.294671
5275	0.295067
5285	0.301246
5290	0.298726
5300	0.298337
5310	0.299667
5320	0.29999
5330	0.301147
5335	0.302789
5345	0.303266
5355	0.304282
5365	0.30428
5375	0.304748
5380	0.308151
5390	0.309073
5400	0.308707
5410	0.309117
5420	0.310025
5425	0.312542
5435	0.31301
5445	0.31398
5455	0.314189
5465	0.314421
5470	0.319353
5480	0.32416
5490	0.320688
5500	0.320189
5510	0.319632
5515	0.322396
5525	0.323683
5535	0.324363
5545	0.323939
5555	0.325076
5560	0.327577
5570	0.328324
5580	0.329024
5590	0.329507
5600	0.334644
5605	0.333863
5615	0.3331
5625	0.335008
5635	0.334904
5645	0.335389
5650	0.337645
5660	0.338575
5670	0.338834
5680	0.339181
5690	0.34027
5695	0.34278
5705	0.343334
5715	0.344384
5725	0.34455
5735	0.345047
5740	0.349209
5750	0.348705
5760	0.349063
5770	0.350314
5780	0.353294
5785	0.354524
5795	0.354629
5805	0.354602
5815	0.355502
5825	0.355769
5830	0.359524
5840	0.3596
5850	0.359936
5860	0.360283
5870	0.3615
5875	0.364117
5885	0.370153
5895	0.366187
5905	0.365889
5915	0.368958
5920	0.37042
5930	0.370715
5940	0.370968
5950	0.371395
5960	0.37192
5965	0.376113
5975	0.3753
5985	0.376126
5995	0.377004
6005	0.377222
6010	0.380683
6020	0.386893
6030	0.381346
6040	0.382335
6050	0.384004
6055	0.387024
6065	0.386203
6075	0.387094
6085	0.38783
6095	0.388277
6100	0.391216
6110	0.392252
6120	0.392365
6130	0.393452
6140	0.39346
6145	0.396755
6155	0.397724
6165	0.398309
6175	0.402012
6185	0.399963
6190	0.402916
6200	0.40358
6210	0.403795
6220	0.405551
6230	0.404719
6235	0.408204
6245	0.409146
6255	0.409192
6265	0.410615
6275	0.416533
6280	0.414979
6290	0.41506
6300	0.418239
6310	0.416338
6320	0.416144
6325	0.419734
6335	0.419999
6345	0.42121
6355	0.421433
6365	0.421872
6370	0.425419
6380	0.425813
6390	0.432726
6400	0.427032
6410	0.427506
6415	0.432424
6425	0.431977
6435	0.432333
6445	0.432611
6455	0.433587
6460	0.436552
6470	0.437495
6480	0.437933
6490	0.438426
6500	0.439479
6505	0.442261
6515	0.443358
6525	0.444807
6535	0.447583
6545	0.445563
6550	0.448689
6560	0.449476
6570	0.450407
6580	0.45059
6590	0.450974
6595	0.454574
6605	0.454903
6615	0.462483
6625	0.456702
6635	0.457347
6640	0.462083
6650	0.461306
6660	0.461653
6670	0.462291
6680	0.463466
6685	0.46628
6695	0.467292
6705	0.467617
6715	0.468858
6725	0.46894
6730	0.473066
6740	0.47413
6750	0.477581
6760	0.47506
6770	0.475643
6775	0.478878
6785	0.480673
6795	0.480348
6805	0.482697
6815	0.481183
6820	0.485468
6830	0.491728
6840	0.486328
6850	0.49042
6860	0.488882
6865	0.491619
6875	0.491997
6885	0.49382
6895	0.493446
6905	0.494371
6910	0.497414
6920	0.498526
6930	0.505044
6940	0.500082
6950	0.501521
6955	0.505019
6965	0.504102
6975	0.50556
6985	0.505832
6995	0.507085
7000	0.510019
7010	0.512525
7020	0.511416
7030	0.512196
7040	0.513133
7045	0.520308
7055	0.519092
7065	0.518142
7075	0.519379
7085	0.519736
7090	0.523139
7100	0.523747
7110	0.524553
7120	0.525085
7130	0.531891
7135	0.529212
7145	0.534097
7155	0.531226
7165	0.531855
7175	0.532178
7180	0.537242
7190	0.536377
7200	0.537605
7210	0.53832
7220	0.544534
7225	0.542726
7235	0.544126
7245	0.544676
7255	0.544783
7265	0.545321
7270	0.54853
7280	0.549858
7290	0.550227
7300	0.55158
7310	0.55207
7315	0.555374
7325	0.562212
7335	0.563383
7345	0.55817
7355	0.55852
7360	0.563003
7370	0.562808
7380	0.563598
7390	0.564462
7400	0.570769
7405	0.568981
7415	0.570718
7425	0.570703
7435	0.570712
7445	0.571796
7450	0.575703
7460	0.575932
7470	0.576934
7480	0.577236
7490	0.579034
7495	0.584312
7505	0.584109
7515	0.583501
7525	0.583964
7535	0.585109
7540	0.588703
7550	0.589843
7560	0.590367
7570	0.590816
7580	0.59232
7585	0.601695
7595	0.598211
7605	0.59766
7615	0.598739
7625	0.60466
7630	0.618343
7640	0.615042
7650	0.617162
7660	0.604816
7670	0.607166
7675	0.610476
7685	0.613149
7695	0.611537
7705	0.61167
7715	0.612681
7720	0.617394
7730	0.623652
7740	0.621077
7750	0.621227
7760	0.621451
7765	0.632409
7775	0.624843
7785	0.626219
7795	0.626354
7805	0.626148
7810	0.640429
7820	0.639826
7830	0.636111
7840	0.636765
7850	0.633869
7855	0.639112
7865	0.638864
7875	0.640509
7885	0.640582
7895	0.64846
7900	0.654739
7910	0.649016
7920	0.646904
7930	0.646728
7940	0.650143
7945	0.651945
7955	0.652923
7965	0.653581
7975	0.653978
7985	0.667815
7990	0.664839
8000	0.659679
8010	0.662049
8020	0.661917
8030	0.662374
8035	0.667007
8045	0.673208
8055	0.669205
8065	0.677545
8075	0.674368
8080	0.673317
8090	0.674537
8100	0.675115
8110	0.675783
8120	0.676738
8125	0.68152
8135	0.686698
8145	0.69201
8155	0.686529
8165	0.685097
8170	0.688194
8180	0.689228
8190	0.69574
8200	0.69029
8210	0.695573
8215	0.696697
8225	0.696329
8235	0.698181
8245	0.698141
8255	0.69871
8260	0.708801
8270	0.704369
8280	0.706641
8290	0.704958
8300	0.706298
8305	0.710239
8315	0.710981
8325	0.711583
8335	0.712947
8345	0.714531
8350	0.721215
8360	0.718844
8370	0.72048
8380	0.720257
8390	0.720733
8395	0.725576
8405	0.73338
8415	0.729575
8425	0.729388
8435	0.72924
8440	0.734085
8450	0.733554
8460	0.734544
8470	0.741512
8480	0.736337
8485	0.741942
8495	0.741184
8505	0.741849
8515	0.742617
8525	0.742933
8530	0.748043
8540	0.748772
8550	0.755024
8560	0.751429
8570	0.751482
8575	0.756288
8585	0.756428
8595	0.756792
8605	0.763495
8615	0.760867
8620	0.765688
8630	0.763693
8640	0.765889
8650	0.765767
8660	0.766315
8665	0.776981
8675	0.772028
8685	0.774373
8695	0.774179
8705	0.77412
8710	0.778631
8720	0.779583
8730	0.780259
8740	0.781096
8750	0.785558
8755	0.787099
8765	0.78822
8775	0.789543
8785	0.788953
8795	0.79063
8800	0.794151
8810	0.797022
8820	0.795893
8830	0.796492
8840	0.796756
8845	0.801833
8855	0.80299
8865	0.804101
8875	0.817922
8885	0.804939
8890	0.811272
8900	0.810948
8910	0.811759
8920	0.818488
8930	0.813847
8935	0.820949
8945	0.819184
8955	0.82825
8965	0.820352
8975	0.821524
8980	0.831504
8990	0.827994
9000	0.828185
9010	0.828352
9020	0.829205
