50	0.0101235
150	0.00686086
250	0.0041462
350	0.00193787
450	0.00686946
550	0.00264704
650	0.00301191
750	0.00335599
850	0.00828458
900	0.00668728
950	0.00699732
1000	0.00745877
1050	0.00751539
1100	0.00775286
1150	0.00792149
1200	0.00815883
1250	0.00831961
1300	0.00858874
1350	0.0100989
1400	0.0106998
1450	0.0109005
1500	0.0198201
1550	0.0116106
1600	0.0116741
1650	0.0119067
1700	0.0121086
1750	0.0124139
1800	0.0141495
1850	0.0147597
1900	0.0149932
1950	0.0152814
2000	0.0155203
2050	0.0157734
2100	0.0160485
2150	0.0163256
2200	0.0165663
2250	0.0188411
2300	0.0198307
2350	0.0203967
2400	0.0201121
2450	0.0201877
2500	0.0202368
2550	0.0206269
2600	0.0208022
2650	0.0211464
2700	0.0232999
2750	0.0239696
2800	0.0242501
2850	0.0245452
2900	0.0248378
2950	0.0377746
3000	0.0254595
3050	0.0260186
3100	0.0260522
3150	0.0284804
3200	0.0291967
3250	0.0294658
3300	0.02977
3350	0.0301465
3400	0.0304906
3450	0.0308073
3500	0.0313556
3550	0.0317674
3600	0.0339675
3650	0.034661
3700	0.0350137
3750	0.0353849
3800	0.0356651
3850	0.0362244
3900	0.0363962
3950	0.0367466
4000	0.0370576
4050	0.0398767
4100	0.040806
4150	0.0409421
4200	0.0413384
4250	0.0416329
4300	0.0426182
4350	0.0429697
4400	0.0432095
4450	0.0449644
4500	0.0474431
4550	0.048107
4600	0.0484872
4650	0.048867
4700	0.049285
4750	0.0491154
4800	0.0494841
4850	0.0499382
4900	0.0502699
4950	0.053701
5000	0.0542503
5050	0.0540856
5100	0.0543547
5150	0.0547976
5200	0.0552262
5250	0.055582
5300	0.0560413
5350	0.0563816
5400	0.0598282
5450	0.0606457
5500	0.0610973
5550	0.0614574
5600	0.0619519
5650	0.0623577
5700	0.0627889
5750	0.0631327
5800	0.0635644
5850	0.0693206
5900	0.0688213
5950	0.0686904
6000	0.0689497
6050	0.0695392
6100	0.0706664
6150	0.0703674
6200	0.0710571
6250	0.0712431
6300	0.075109
6350	0.0759599
6400	0.0764745
6450	0.0768956
6500	0.0773515
6550	0.0787413
6600	0.0783349
6650	0.0787264
6700	0.07918
6750	0.0837378
6800	0.085205
6850	0.0856863
6900	0.0864179
6950	0.0868987
7000	0.0873202
7050	0.0869196
7100	0.0870579
7150	0.0875799
7200	0.0923839
7250	0.0928245
7300	0.0932837
7350	0.0940865
7400	0.0950632
7450	0.0967725
7500	0.0954433
7550	0.0960926
7600	0.0969796
7650	0.100841
7700	0.101771
7750	0.102373
7800	0.102786
7850	0.10344
7900	0.105171
7950	0.104615
8000	0.104878
8050	0.105417
8100	0.110554
8150	0.112482
8200	0.113187
8250	0.114051
8300	0.11432
8350	0.114163
8400	0.117293
8450	0.117321
8500	0.115166
8550	0.120047
8600	0.121113
8650	0.121601
8700	0.121955
8750	0.122524
8800	0.123112
8850	0.123719
8900	0.124367
8950	0.125327
9000	0.129906
9050	0.131002
9100	0.131645
9150	0.132711
9200	0.133039
9250	0.133387
9300	0.135244
9350	0.135973
9400	0.136622
9450	0.141376
9500	0.141614
9550	0.143765
9600	0.142829
9650	0.143538
9700	0.144773
9750	0.144721
9800	0.145262
9850	0.145839
9900	0.151488
9950	0.152554
10000	0.153109
10050	0.15379
10100	0.154518
10150	0.155788
10200	0.155823
10250	0.159318
10300	0.162464
10350	0.163488
10400	0.163953
10450	0.164914
10500	0.165783
10550	0.166872
10600	0.168211
10650	0.16722
10700	0.167951
10750	0.168697
10800	0.174505
10850	0.175823
10900	0.177527
10950	0.176983
11000	0.177647
11050	0.178252
11100	0.180172
11150	0.182106
11200	0.180467
11250	0.186794
11300	0.187708
11350	0.188973
11400	0.189602
11450	0.189734
11500	0.190505
11550	0.191121
11600	0.233204
11650	0.19309
11700	0.199907
11750	0.200319
11800	0.201665
11850	0.201714
11900	0.203026
11950	0.203133
12000	0.204483
12050	0.205128
12100	0.205459
12150	0.212459
12200	0.213585
12250	0.215014
12300	0.215049
12350	0.216012
12400	0.216123
12450	0.217381
12500	0.217571
12550	0.218453
12600	0.225114
12650	0.226379
12700	0.227173
12750	0.227941
12800	0.22916
12850	0.229673
12900	0.230224
12950	0.234085
13000	0.232926
13050	0.23927
13100	0.240628
13150	0.240751
13200	0.241573
13250	0.242515
13300	0.245242
13350	0.248908
13400	0.244813
13450	0.245511
13500	0.253257
13550	0.254815
13600	0.255233
13650	0.255646
13700	0.256519
13750	0.257866
13800	0.258281
13850	0.26241
13900	0.263047
13950	0.267355
14000	0.268701
14050	0.269233
14100	0.270672
14150	0.270921
14200	0.271938
14250	0.272479
14300	0.273936
14350	0.274131
14400	0.282935
14450	0.288181
14500	0.284183
14550	0.285202
14600	0.28594
14650	0.287116
14700	0.287788
14750	0.289562
14800	0.294327
14850	0.297218
14900	0.298528
14950	0.300066
15000	0.300177
15050	0.301045
15100	0.302713
15150	0.303
15200	0.303591
15250	0.305024
15300	0.313277
15350	0.314677
15400	0.315191
15450	0.316139
15500	0.323538
15550	0.31837
15600	0.318587
15650	0.320905
15700	0.323128
15750	0.328936
15800	0.336432
15850	0.331744
15900	0.332001
15950	0.33427
16000	0.335114
16050	0.334643
16100	0.335829
16150	0.337173
16200	0.345131
16250	0.348782
16300	0.34788
16350	0.349287
16400	0.349249
16450	0.350448
16500	0.352586
16550	0.352006
16600	0.353664
16650	0.362324
16700	0.36337
16750	0.365457
16800	0.365216
16850	0.366224
16900	0.367658
16950	0.368282
17000	0.370225
17050	0.376248
17100	0.378993
17150	0.38099
17200	0.381234
17250	0.382743
17300	0.383651
17350	0.385327
17400	0.390349
17450	0.386741
17500	0.387267
17550	0.397229
17600	0.399276
17650	0.398915
17700	0.400066
17750	0.401433
17800	0.401837
17850	0.40578
17900	0.407897
17950	0.404852
18000	0.414353
18050	0.416633
18100	0.41674
18150	0.418554
18200	0.418866
18250	0.419835
18300	0.424268
18350	0.430176
18400	0.424163
18450	0.433284
18500	0.434264
18550	0.436013
18600	0.437482
18650	0.437791
18700	0.438146
18750	0.439914
18800	0.44023
18850	0.441372
18900	0.451751
18950	0.453025
19000	0.461447
19050	0.455012
19100	0.459358
19150	0.458326
19200	0.45868
19250	0.45917
19300	0.460895
19350	0.470995
19400	0.472405
19450	0.47332
19500	0.474592
19550	0.475537
19600	0.477155
19650	0.477481
19700	0.47913
19750	0.483475
19800	0.490643
19850	0.49145
19900	0.493516
19950	0.493671
20000	0.495763
20050	0.49574
20100	0.497746
20150	0.49806
20200	0.499754
20250	0.511463
20300	0.515259
20350	0.513941
20400	0.514688
20450	0.51527
20500	0.517294
20550	0.517086
20600	0.518956
20650	0.51942
20700	0.530994
20750	0.532146
20800	0.537002
20850	0.535488
20900	0.536068
20950	0.536648
21000	0.538836
21050	0.53876
21100	0.545826
21150	0.552446
21200	0.554027
21250	0.555516
21300	0.556021
21350	0.556761
21400	0.557399
21450	0.558954
21500	0.559542
21550	0.561232
21600	0.573052
21650	0.573843
21700	0.577165
21750	0.576759
21800	0.577242
21850	0.579232
21900	0.57949
21950	0.581566
22000	0.581829
22050	0.594589
22100	0.599571
22150	0.597825
22200	0.598218
22250	0.600196
22300	0.600626
22350	0.601347
22400	0.603144
22450	0.60947
22500	0.615699
22550	0.617558
22600	0.619723
22650	0.619921
22700	0.620692
22750	0.622587
22800	0.629663
22850	0.624522
22900	0.630266
22950	0.63813
