50	0.000615534
150	0.00038492
250	0.000332285
350	0.000388067
450	0.000221407
550	0.000244253
650	0.000832581
750	0.000297247
850	0.000325869
950	0.000341675
1000	0.000410958
1050	0.000454307
1100	0.000464599
1150	0.000474275
1200	0.00168741
1250	0.000517198
1300	0.000527767
1350	0.000545858
1400	0.000551486
1450	0.00056134
1500	0.000602815
1550	0.000643317
1600	0.000660359
1650	0.000682374
1700	0.000686935
1750	0.000710529
1800	0.000711155
1850	0.000723531
1900	0.000740592
1950	0.000744681
2000	0.000788358
2050	0.000835306
2100	0.000845947
2150	0.000860767
2200	0.000868357
2250	0.000882565
2300	0.000898629
2350	0.000910645
2400	0.00326187
2450	0.000908067
2500	0.000939397
2550	0.000980018
2600	0.000995391
2650	0.00100242
2700	0.00102167
2750	0.00103131
2800	0.00104073
2850	0.00105601
2900	0.00106995
2950	0.0010816
3000	0.00111626
3050	0.00116147
3100	0.00117435
3150	0.00118511
3200	0.00120388
3250	0.00121214
3300	0.00121562
3350	0.00123232
3400	0.0012402
3450	0.00125113
3500	0.00129603
3550	0.00132822
3600	0.00134942
3650	0.00136095
3700	0.0013702
3750	0.00138136
3800	0.00139858
3850	0.00141016
3900	0.00142412
3950	0.00144198
4000	0.00147197
4050	0.00151577
4100	0.00152165
4150	0.00153606
4200	0.00155483
4250	0.00157633
4300	0.00157497
4350	0.00159092
4400	0.00160114
4450	0.00162218
4500	0.00165265
4550	0.00169195
4600	0.0016966
4650	0.00171486
4700	0.00637687
4750	0.00182336
4800	0.00182767
4850	0.00183728
4900	0.00184799
4950	0.00186241
5000	0.00190045
5050	0.00193943
5100	0.00196365
5150	0.0019727
5200	0.00197871
5250	0.00198383
5300	0.00200798
5350	0.0020254
5400	0.00202196
5450	0.0020396
5500	0.00207975
5550	0.00211346
5600	0.0021342
5650	0.00215244
5700	0.00216013
5750	0.0021738
5800	0.00220532
5850	0.00220882
5900	0.0022029
5950	0.00222446
6000	0.00226727
6050	0.00231003
6100	0.00232049
6150	0.0023223
6200	0.00235412
6250	0.00235823
6300	0.00238111
6350	0.00239558
6400	0.0024099
6450	0.00239751
6500	0.00245678
6550	0.00250148
6600	0.00249831
6650	0.00251298
6700	0.00253777
6750	0.00255143
6800	0.00256609
6850	0.0025871
6900	0.0025814
6950	0.00258686
7000	0.00263361
7050	0.00266293
7100	0.00268673
7150	0.00269466
7200	0.00272815
7250	0.00273232
7300	0.00276
7350	0.00275366
7400	0.00277113
7450	0.00277705
7500	0.00281869
7550	0.00287152
7600	0.00290692
7650	0.00292979
7700	0.00290734
7750	0.00292295
7800	0.00293933
7850	0.00298893
7900	0.00296505
7950	0.00297197
8000	0.00301339
8050	0.00304508
8100	0.003058
8150	0.00307265
8200	0.00309424
8250	0.0031203
8300	0.00314051
8350	0.00313136
8400	0.00314339
8450	0.00316568
8500	0.00319283
8550	0.00323189
8600	0.00324315
8650	0.00325948
8700	0.00326513
8750	0.0033146
8800	0.00332619
8850	0.00330681
8900	0.0033265
8950	0.00333622
9000	0.00337964
9050	0.00341151
9100	0.00342124
9150	0.00344033
9200	0.00348115
9250	0.00347144
9300	0.00350444
9350	0.012617
9400	0.00342198
9450	0.00343623
9500	0.00349026
9550	0.00351838
9600	0.00354055
9650	0.00355434
9700	0.00356714
9750	0.00360523
9800	0.00359222
9850	0.00359921
9900	0.00362151
9950	0.00370287
10000	0.00367745
10050	0.00371151
10100	0.00372822
10150	0.00375313
10200	0.00375246
10250	0.00375586
10300	0.00377716
10350	0.0038382
10400	0.0038251
10450	0.00378691
10500	0.00384932
10550	0.00387611
10600	0.00388965
10650	0.00390707
10700	0.0039299
10750	0.00397903
10800	0.00396884
10850	0.00395872
10900	0.00399078
10950	0.00400662
11000	0.00402199
11050	0.0040809
11100	0.00406046
11150	0.00408363
11200	0.00410187
11250	0.00412428
11300	0.00410591
11350	0.00415224
11400	0.00415799
11450	0.00421002
11500	0.00420112
11550	0.0042455
11600	0.00424238
11650	0.00426266
11700	0.0042961
11750	0.00429059
11800	0.00429576
11850	0.00430372
11900	0.00434802
11950	0.00434763
12000	0.0043792
12050	0.00441694
12100	0.00441987
12150	0.00447977
12200	0.00445159
12250	0.00450427
12300	0.00449441
12350	0.00451479
12400	0.00450988
12450	0.0045256
12500	0.00455737
12550	0.00461079
12600	0.00460412
12650	0.00461462
12700	0.00464717
12750	0.00465823
12800	0.00466589
12850	0.00467971
12900	0.00470991
12950	0.00469998
13000	0.00475527
13050	0.00478512
13100	0.00483711
13150	0.00485489
13200	0.00483599
13250	0.00487631
13300	0.00488444
13350	0.00490692
13400	0.00489075
13450	0.00492805
13500	0.00494275
13550	0.00496833
13600	0.00501681
13650	0.00498634
13700	0.00499922
13750	0.00503613
13800	0.00502576
13850	0.00504874
13900	0.00506704
13950	0.00508867
14000	0.00511398
14050	0.00514965
14100	0.0051651
14150	0.00519526
14200	0.00519143
14250	0.00520457
14300	0.0052042
14350	0.0052269
14400	0.00523696
14450	0.00528427
14500	0.0052964
14550	0.00534908
14600	0.00534353
14650	0.00536973
14700	0.00534829
14750	0.00538474
14800	0.00540264
14850	0.00542765
14900	0.00542248
14950	0.00544549
15000	0.00546914
15050	0.00552887
15100	0.00550704
15150	0.00553398
15200	0.0055594
15250	0.00554394
15300	0.00557377
15350	0.0056037
15400	0.00557661
15450	0.005605
15500	0.00565084
15550	0.00569488
15600	0.00570962
15650	0.00569129
15700	0.00572536
15750	0.00573663
15800	0.00573787
15850	0.00576085
15900	0.00576832
15950	0.00578103
16000	0.00583717
16050	0.00589822
16100	0.00587304
16150	0.00588364
16200	0.00593031
16250	0.00591462
16300	0.00593984
16350	0.00596444
16400	0.00593803
16450	0.00597318
16500	0.00600241
16550	0.00606175
16600	0.00603735
16650	0.00608964
16700	0.0060649
16750	0.00608015
16800	0.00612343
16850	0.00610614
16900	0.00612298
16950	0.0061612
17000	0.00618172
17050	0.00621486
17100	0.00626708
17150	0.00623538
17200	0.00625621
17250	0.00630134
17300	0.00626552
17350	0.0063197
17400	0.00629591
17450	0.00630751
17500	0.00636088
17550	0.00638893
17600	0.00641233
17650	0.00645367
17700	0.00645847
17750	0.00646053
17800	0.00646641
17850	0.00651548
17900	0.00653343
17950	0.00649341
18000	0.00655099
18050	0.00661786
18100	0.00661282
18150	0.00674314
18200	0.00669198
18250	0.00669264
18300	0.00669689
18350	0.00668552
18400	0.00671741
18450	0.00674822
18500	0.00675751
18550	0.00676226
18600	0.00678853
18650	0.0251932
18700	0.00696476
18750	0.00701283
18800	0.00699767
18850	0.00703761
18900	0.00700069
18950	0.00705555
19000	0.00707375
19050	0.00713269
19100	0.00710693
19150	0.00716584
19200	0.00712344
19250	0.0071691
19300	0.00718322
19350	0.0071848
19400	0.00720663
19450	0.00718166
19500	0.00725005
19550	0.00729195
19600	0.00732102
19650	0.00732823
19700	0.0073369
19750	0.00732726
19800	0.00737633
19850	0.00735128
19900	0.00746642
19950	0.00737723
20000	0.00743677
20050	0.00753827
20100	0.00753555
20150	0.00753086
20200	0.00756755
20250	0.00755508
20300	0.00768099
20350	0.00758954
20400	0.00766014
20450	0.00758761
20500	0.00763697
20550	0.00767793
20600	0.00765651
20650	0.00771867
20700	0.00769201
20750	0.00773777
20800	0.00770455
20850	0.00773449
20900	0.00774597
20950	0.0077554
21000	0.00780509
21050	0.00783373
21100	0.00793268
21150	0.00785844
21200	0.00792294
21250	0.00787263
21300	0.00791364
21350	0.00790992
21400	0.00793507
21450	0.0079415
21500	0.00800365
21550	0.00803525
21600	0.00809513
21650	0.00810025
21700	0.00809705
21750	0.00811736
21800	0.00806605
21850	0.00817992
21900	0.00809809
21950	0.00816903
22000	0.00819995
22050	0.0082623
22100	0.0082077
22150	0.00831975
22200	0.00824382
22250	0.008298
22300	0.0082508
22350	0.0083236
22400	0.0082815
22450	0.00834614
22500	0.00835205
22550	0.00840234
22600	0.00841728
22650	0.00842826
22700	0.00843493
22750	0.00844809
22800	0.00848109
22850	0.0084881
22900	0.00850918
22950	0.00851475
23000	0.00855278
23050	0.00854853
23100	0.00863745
23150	0.00858346
23200	0.00865314
23250	0.00860774
23300	0.0086663
23350	0.00863829
23400	0.00869024
23450	0.00869254
23500	0.00873837
23550	0.00881765
23600	0.00882778
23650	0.00886216
23700	0.00883353
23750	0.00887401
23800	0.0088967
23850	0.0088795
23900	0.00891892
23950	0.00892103
24000	0.00893347
24050	0.00896719
24100	0.00895625
24150	0.00904445
24200	0.00896765
24250	0.00904038
24300	0.00900388
24350	0.00908329
24400	0.00904616
24450	0.00906708
24500	0.00911943
24550	0.00920026
24600	0.00914542
24650	0.00920986
24700	0.00915273
24750	0.00923882
24800	0.00922079
24850	0.00924627
24900	0.00926041
24950	0.00925511
25000	0.0093041
25050	0.00934383
25100	0.00933198
25150	0.009345
25200	0.00943299
25250	0.00939197
25300	0.00946146
25350	0.0094206
25400	0.0095208
25450	0.00960277
25500	0.00950459
