50	0.000832719
150	0.00039883
250	0.000364697
350	0.000492705
450	0.00027043
550	0.000293876
650	0.000870955
750	0.00034437
850	0.000370866
950	0.000390826
1000	0.0004564
1050	0.000496529
1100	0.000519343
1150	0.000520548
1200	0.00175137
1250	0.000552421
1300	0.000561306
1350	0.000578598
1400	0.000593005
1450	0.000603577
1500	0.000643232
1550	0.000684666
1600	0.000693414
1650	0.00070361
1700	0.000715518
1750	0.000736105
1800	0.000746439
1850	0.000759264
1900	0.000766057
1950	0.000779932
2000	0.000820669
2050	0.000861906
2100	0.000871723
2150	0.000880427
2200	0.000901736
2250	0.000916158
2300	0.000933046
2350	0.000933005
2400	0.00328969
2450	0.000969502
2500	0.0010028
2550	0.00104949
2600	0.00105903
2650	0.00105864
2700	0.0010709
2750	0.00109733
2800	0.00110524
2850	0.00112488
2900	0.0011371
2950	0.00114896
3000	0.0011854
3050	0.00124334
3100	0.00123577
3150	0.00124043
3200	0.00125506
3250	0.00127743
3300	0.00129742
3350	0.00130279
3400	0.00131206
3450	0.00131801
3500	0.00135944
3550	0.00140125
3600	0.00141723
3650	0.00142494
3700	0.00144456
3750	0.00145027
3800	0.00146461
3850	0.00147462
3900	0.00149466
3950	0.00151458
4000	0.00154402
4050	0.0015981
4100	0.00159665
4150	0.00160593
4200	0.00166208
4250	0.00164023
4300	0.00164832
4350	0.00165431
4400	0.00167595
4450	0.00170297
4500	0.00172113
4550	0.00175841
4600	0.00178532
4650	0.00178334
4700	0.00640215
4750	0.0018318
4800	0.00181526
4850	0.00184474
4900	0.00183915
4950	0.00186767
5000	0.00189999
5050	0.00194152
5100	0.00197583
5150	0.00196376
5200	0.00198049
5250	0.00199149
5300	0.00200885
5350	0.00200979
5400	0.00201702
5450	0.00203262
5500	0.00207339
5550	0.00211693
5600	0.00215158
5650	0.00215204
5700	0.00215285
5750	0.00221145
5800	0.00218169
5850	0.00219959
5900	0.0022071
5950	0.00226239
6000	0.00226443
6050	0.00230232
6100	0.00231544
6150	0.00233913
6200	0.00232993
6250	0.00233666
6300	0.00236034
6350	0.00237516
6400	0.00238746
6450	0.0023808
6500	0.00244124
6550	0.00248388
6600	0.00249756
6650	0.00252808
6700	0.00251177
6750	0.00252063
6800	0.00254368
6850	0.00255325
6900	0.00256667
6950	0.00257986
7000	0.00261682
7050	0.00269609
7100	0.00268423
7150	0.0026848
7200	0.00268529
7250	0.00269758
7300	0.00273144
7350	0.00274436
7400	0.00274809
7450	0.00275168
7500	0.00279778
7550	0.00283771
7600	0.00287418
7650	0.00290312
7700	0.0028841
7750	0.00288577
7800	0.0028992
7850	0.00289177
7900	0.00291309
7950	0.00293419
8000	0.00297544
8050	0.00304333
8100	0.00307409
8150	0.00303929
8200	0.00306076
8250	0.00310362
8300	0.00312347
8350	0.00310455
8400	0.00312035
8450	0.00313179
8500	0.00315812
8550	0.00321131
8600	0.00323499
8650	0.00325865
8700	0.00323009
8750	0.00325669
8800	0.00325045
8850	0.00327499
8900	0.00327812
8950	0.00327911
9000	0.00333662
9050	0.00338349
9100	0.00338973
9150	0.00340761
9200	0.00341444
9250	0.00341564
9300	0.00343256
9350	0.0126149
9400	0.00347357
9450	0.00347839
9500	0.003522
9550	0.00357245
9600	0.00359705
9650	0.00358966
9700	0.00360347
9750	0.00364037
9800	0.00362988
9850	0.00364683
9900	0.00364994
9950	0.00365027
10000	0.00370643
10050	0.00374972
10100	0.00375198
10150	0.00377983
10200	0.00378963
10250	0.00378289
10300	0.00379971
10350	0.00379998
10400	0.00382523
10450	0.0038382
10500	0.00387274
10550	0.00394577
10600	0.00393797
10650	0.00394554
10700	0.00396424
10750	0.00400325
10800	0.00402273
10850	0.00399375
10900	0.0040135
10950	0.00403149
11000	0.00406966
11050	0.00412221
11100	0.00418505
11150	0.0041427
11200	0.0041514
11250	0.0041488
11300	0.00417432
11350	0.00420922
11400	0.00418705
11450	0.00418022
11500	0.00423635
11550	0.00429426
11600	0.00428818
11650	0.00430523
11700	0.00431456
11750	0.00435365
11800	0.00433683
11850	0.00432873
11900	0.00434998
11950	0.00438089
12000	0.00440855
12050	0.00445957
12100	0.00447037
12150	0.0044931
12200	0.00451019
12250	0.00451548
12300	0.00451764
12350	0.00452462
12400	0.0045529
12450	0.00453345
12500	0.00459044
12550	0.00462817
12600	0.00465842
12650	0.00466478
12700	0.00467341
12750	0.00468692
12800	0.00471222
12850	0.00472036
12900	0.00471982
12950	0.00473745
13000	0.00477348
13050	0.00483054
13100	0.00483042
13150	0.00484704
13200	0.00491492
13250	0.00486044
13300	0.00494202
13350	0.00488798
13400	0.00489805
13450	0.00491098
13500	0.00495646
13550	0.00500789
13600	0.00499741
13650	0.00502982
13700	0.00504693
13750	0.00504055
13800	0.00506115
13850	0.00507049
13900	0.00509091
13950	0.00509348
14000	0.00516705
14050	0.00522054
14100	0.00522864
14150	0.00523903
14200	0.00524802
14250	0.00526891
14300	0.00526857
14350	0.00524688
14400	0.00526211
14450	0.00533428
14500	0.00532232
14550	0.00538411
14600	0.00540027
14650	0.00539078
14700	0.00542393
14750	0.00540129
14800	0.00541973
14850	0.00543838
14900	0.00541527
14950	0.00544795
15000	0.00550485
15050	0.00554578
15100	0.00555928
15150	0.00555802
15200	0.0055817
15250	0.00560081
15300	0.00564129
15350	0.00562053
15400	0.00562565
15450	0.00562479
15500	0.00566698
15550	0.00572042
15600	0.00572497
15650	0.00573212
15700	0.00574805
15750	0.00576936
15800	0.00576305
15850	0.00578854
15900	0.00580334
15950	0.00579192
16000	0.00585332
16050	0.00588982
16100	0.00591336
16150	0.00592061
16200	0.00591451
16250	0.00595555
16300	0.00595374
16350	0.00598529
16400	0.00598464
16450	0.00599009
16500	0.00603316
16550	0.00606607
16600	0.0061206
16650	0.00609176
16700	0.00611861
16750	0.00612969
16800	0.00614986
16850	0.00617523
16900	0.00615832
16950	0.00615647
17000	0.00620957
17050	0.00624652
17100	0.00625607
17150	0.00629494
17200	0.00628749
17250	0.00629401
17300	0.0063428
17350	0.00635804
17400	0.00636637
17450	0.00633153
17500	0.00640044
17550	0.00645821
17600	0.00643064
17650	0.00647711
17700	0.00648807
17750	0.00647897
17800	0.00651475
17850	0.00649679
17900	0.00653886
17950	0.00656145
18000	0.00657898
18050	0.00662566
18100	0.0066326
18150	0.00665602
18200	0.00668161
18250	0.00667412
18300	0.00673475
18350	0.00669869
18400	0.00671969
18450	0.00675009
18500	0.00677311
18550	0.00683382
18600	0.006816
18650	0.025107
18700	0.00689836
18750	0.00690737
18800	0.00692768
18850	0.00691964
18900	0.00693979
18950	0.00693895
19000	0.00701487
19050	0.007064
19100	0.0070709
19150	0.00710932
19200	0.00711921
19250	0.00710521
19300	0.00713894
19350	0.00711387
19400	0.00713664
19450	0.00712577
19500	0.00719598
19550	0.0072245
19600	0.00721962
19650	0.00725324
19700	0.00724329
19750	0.00726093
19800	0.00726175
19850	0.00728289
19900	0.00730199
19950	0.00729669
20000	0.00734077
20050	0.00739766
20100	0.00738953
20150	0.00738942
20200	0.0073942
20250	0.00742773
20300	0.00742865
20350	0.00745756
20400	0.0074482
20450	0.00747225
20500	0.00751035
20550	0.00754572
20600	0.00755964
20650	0.00758
20700	0.007592
20750	0.00760162
20800	0.00763365
20850	0.00764211
20900	0.00763724
20950	0.00769829
21000	0.00771233
21050	0.00772049
21100	0.00775153
21150	0.00773068
21200	0.00779723
21250	0.00780686
21300	0.00780395
21350	0.00780829
21400	0.00781413
21450	0.00782686
21500	0.00787935
21550	0.00790318
21600	0.00790097
21650	0.00794619
21700	0.00793218
21750	0.00797064
21800	0.00797508
21850	0.00805014
21900	0.00800173
21950	0.00804412
22000	0.00805585
22050	0.00808908
22100	0.00810819
22150	0.00815278
22200	0.00814678
22250	0.00814846
22300	0.008155
22350	0.0081695
22400	0.00817698
22450	0.00819505
22500	0.0082461
22550	0.00828211
22600	0.00829198
22650	0.00830518
22700	0.00830798
22750	0.0083218
22800	0.00837553
22850	0.00837955
22900	0.0083638
22950	0.0083884
23000	0.00842009
23050	0.00851956
23100	0.00850039
23150	0.00852419
23200	0.00853133
23250	0.00855738
23300	0.0085333
23350	0.00863015
23400	0.00855225
23450	0.00858986
23500	0.00861573
23550	0.00864165
23600	0.00864496
23650	0.00866211
23700	0.00867599
23750	0.00866998
23800	0.00871005
23850	0.00870078
23900	0.00878288
23950	0.00873728
24000	0.00879035
24050	0.00883158
24100	0.00880151
24150	0.00886186
24200	0.00886789
24250	0.00889561
24300	0.00888305
24350	0.00890061
24400	0.00890119
24450	0.00896909
24500	0.00897369
24550	0.00902821
24600	0.00899448
24650	0.00907033
24700	0.0090337
24750	0.00910449
24800	0.00912592
24850	0.00911624
24900	0.00914526
24950	0.00916534
25000	0.00918851
25050	0.00919813
25100	0.00920056
25150	0.00924259
25200	0.0092447
25250	0.009259
25300	0.00924133
25350	0.00926008
25400	0.00925576
25450	0.00927911
25500	0.00931896
