50	0.00417427
150	0.00257334
250	0.00115043
350	0.000511132
450	0.00238638
550	0.000649847
650	0.000717923
750	0.000774992
850	0.00150337
900	0.00113107
950	0.0012663
1000	0.00130647
1050	0.00134848
1100	0.00139471
1150	0.00146305
1200	0.00147532
1250	0.00151121
1300	0.00155835
1350	0.00174625
1400	0.00190241
1450	0.00194367
1500	0.00439739
1550	0.00204104
1600	0.00208576
1650	0.00213367
1700	0.00217613
1750	0.00222967
1800	0.00245245
1850	0.00261688
1900	0.00267962
1950	0.00271505
2000	0.00276363
2050	0.0028115
2100	0.00286558
2150	0.00294002
2200	0.00300281
2250	0.00323968
2300	0.00339786
2350	0.00345375
2400	0.00354186
2450	0.00355791
2500	0.00361855
2550	0.00366896
2600	0.00372011
2650	0.00380388
2700	0.00409002
2750	0.00426673
2800	0.00432372
2850	0.00440394
2900	0.00443034
2950	0.0061761
3000	0.00455899
3050	0.00464038
3100	0.0046618
3150	0.00502409
3200	0.00519915
3250	0.00525658
3300	0.00534832
3350	0.00537994
3400	0.00544599
3450	0.00553312
3500	0.00556485
3550	0.00562581
3600	0.00603215
3650	0.00620369
3700	0.00627019
3750	0.00661071
3800	0.00650136
3850	0.00655484
3900	0.00659998
3950	0.006629
4000	0.00670191
4050	0.00710822
4100	0.00729126
4150	0.00737341
4200	0.00743595
4250	0.00753041
4300	0.0075662
4350	0.00770424
4400	0.00771497
4450	0.00781177
4500	0.00827778
4550	0.00848514
4600	0.00858388
4650	0.00860726
4700	0.0087028
4750	0.00878528
4800	0.00885032
4850	0.00889414
4900	0.00900035
4950	0.00951103
5000	0.00969002
5050	0.00979881
5100	0.00987654
5150	0.009956
5200	0.0100329
5250	0.0100851
5300	0.0101894
5350	0.0102655
5400	0.0108157
5450	0.0109996
5500	0.0111146
5550	0.0111962
5600	0.0113931
5650	0.0116538
5700	0.0115783
5750	0.0115878
5800	0.0116881
5850	0.0123698
5900	0.012487
5950	0.0125134
6000	0.0125719
6050	0.0127122
6100	0.0128008
6150	0.0128842
6200	0.0133024
6250	0.0131598
6300	0.0137233
6350	0.0138895
6400	0.0139832
6450	0.0140727
6500	0.0141629
6550	0.0142261
6600	0.0143384
6650	0.0144292
6700	0.0145191
6750	0.0151978
6800	0.0154322
6850	0.0155264
6900	0.0156253
6950	0.0157126
7000	0.0158081
7050	0.0159068
7100	0.0159875
7150	0.0160859
7200	0.0168067
7250	0.0170525
7300	0.0171381
7350	0.0172471
7400	0.0173521
7450	0.0174399
7500	0.0175419
7550	0.0176421
7600	0.0177564
7650	0.0185406
7700	0.0187402
7750	0.0188757
7800	0.0189478
7850	0.0190535
7900	0.0191421
7950	0.0192493
8000	0.0193826
8050	0.0194854
8100	0.0202605
8150	0.0205343
8200	0.0206119
8250	0.0207263
8300	0.020863
8350	0.0209629
8400	0.0210753
8450	0.021152
8500	0.0212479
8550	0.0221251
8600	0.0224964
8650	0.0225206
8700	0.0225992
8750	0.0226789
8800	0.0227815
8850	0.0229281
8900	0.0230397
8950	0.023111
9000	0.0240135
9050	0.0242604
9100	0.0244077
9150	0.024495
9200	0.0246415
9250	0.024741
9300	0.0248711
9350	0.0249869
9400	0.0251377
9450	0.0260172
9500	0.0267878
9550	0.0264961
9600	0.0265456
9650	0.0266862
9700	0.0267695
9750	0.0269206
9800	0.0270723
9850	0.0271414
9900	0.0281372
9950	0.0283991
10000	0.028542
10050	0.0286794
10100	0.0288389
10150	0.0289253
10200	0.0290767
10250	0.0292026
10300	0.0293215
10350	0.0303855
10400	0.0306459
10450	0.0307837
10500	0.0310437
10550	0.0310689
10600	0.0311862
10650	0.0313832
10700	0.0314415
10750	0.0316384
10800	0.0326647
10850	0.0329605
10900	0.0330812
10950	0.0332206
11000	0.0333547
11050	0.0335416
11100	0.0339541
11150	0.034256
11200	0.0339997
11250	0.0352834
11300	0.0353892
11350	0.035544
11400	0.0356444
11450	0.0358012
11500	0.0361078
11550	0.0365707
11600	0.0386359
11650	0.0364119
11700	0.0375926
11750	0.0378579
11800	0.0379575
11850	0.0381553
11900	0.0382823
11950	0.0384612
12000	0.0385651
12050	0.038694
12100	0.0388805
12150	0.0401135
12200	0.0405273
12250	0.0405901
12300	0.0406735
12350	0.0408218
12400	0.0410624
12450	0.0411312
12500	0.041317
12550	0.0422114
12600	0.0426992
12650	0.0430501
12700	0.0431764
12750	0.0433839
12800	0.0447933
12850	0.0436909
12900	0.0438232
12950	0.0439949
13000	0.0441201
13050	0.0454422
13100	0.0457982
13150	0.0459428
13200	0.0460663
13250	0.046251
13300	0.0464496
13350	0.0471006
13400	0.0467466
13450	0.0468805
13500	0.0486528
13550	0.0496226
13600	0.0493257
13650	0.0489214
13700	0.0490866
13750	0.0492673
13800	0.0497568
13850	0.0498109
13900	0.0497441
13950	0.0511416
14000	0.0514774
14050	0.0520578
14100	0.0521452
14150	0.0520945
14200	0.0544261
14250	0.0532392
14300	0.0525308
14350	0.0527376
14400	0.0541915
14450	0.054477
14500	0.0546252
14550	0.0547778
14600	0.0555075
14650	0.055322
14700	0.0553133
14750	0.0554968
14800	0.0556248
14850	0.0571566
14900	0.0575302
14950	0.0586744
15000	0.0578951
15050	0.0580196
15100	0.0582624
15150	0.0583625
15200	0.0585719
15250	0.0587746
15300	0.0603027
15350	0.0606674
15400	0.060836
15450	0.0610108
15500	0.0611731
15550	0.0614368
15600	0.0615608
15650	0.0616989
15700	0.0619165
15750	0.0638019
15800	0.0662332
15850	0.0645024
15900	0.0642913
15950	0.0644241
16000	0.0647001
16050	0.0647734
16100	0.0650172
16150	0.0652344
16200	0.0671077
16250	0.0677899
16300	0.0676308
16350	0.0676006
16400	0.0677759
16450	0.0688463
16500	0.0683972
16550	0.0683772
16600	0.0685418
16650	0.0702607
16700	0.0706027
16750	0.0708194
16800	0.0709902
16850	0.0711692
16900	0.0714199
16950	0.0715495
17000	0.0725743
17050	0.0719455
17100	0.0737102
17150	0.074205
17200	0.0742642
17250	0.0744612
17300	0.0746289
17350	0.0748685
17400	0.075097
17450	0.0758519
17500	0.0754603
17550	0.0777825
17600	0.0776571
17650	0.0778548
17700	0.0780863
17750	0.0782828
17800	0.0784994
17850	0.0786399
17900	0.0788105
17950	0.0790892
18000	0.0810591
18050	0.0812581
18100	0.0814976
18150	0.0816737
18200	0.0822041
18250	0.082293
18300	0.0823224
18350	0.0825391
18400	0.0826881
18450	0.0846005
18500	0.0850288
18550	0.0852105
18600	0.085405
18650	0.0856919
18700	0.085845
18750	0.0860514
18800	0.086312
18850	0.086937
18900	0.0884334
18950	0.0888529
19000	0.0890644
19050	0.0892813
19100	0.0895588
19150	0.0897278
19200	0.0899231
19250	0.0902278
19300	0.0903625
19350	0.0927078
19400	0.0932364
19450	0.0931087
19500	0.09365
19550	0.0934391
19600	0.0937687
19650	0.0938653
19700	0.0941028
19750	0.0944271
19800	0.0964466
19850	0.0968129
19900	0.0974858
19950	0.0972929
20000	0.0974901
20050	0.0976582
20100	0.0979388
20150	0.0981284
20200	0.0983404
20250	0.10044
20300	0.100815
20350	0.105539
20400	0.102734
20450	0.101544
20500	0.10177
20550	0.102161
20600	0.102206
20650	0.102443
20700	0.104877
20750	0.105471
20800	0.105415
20850	0.105495
20900	0.105675
20950	0.106003
21000	0.106166
21050	0.106331
21100	0.106988
21150	0.108865
21200	0.109189
21250	0.109577
21300	0.109631
21350	0.109867
21400	0.110058
21450	0.110371
21500	0.110524
21550	0.110744
21600	0.113499
21650	0.113481
21700	0.113614
21750	0.114939
21800	0.1143
21850	0.114472
21900	0.11525
21950	0.11531
22000	0.115087
22050	0.117267
22100	0.117758
22150	0.11793
22200	0.118194
22250	0.118943
22300	0.119294
22350	0.118978
22400	0.119281
22450	0.11937
22500	0.121703
22550	0.122143
22600	0.122396
22650	0.122721
22700	0.122866
22750	0.123062
22800	0.123534
22850	0.123602
22900	0.12442
22950	0.126593
