50	0.00142493
150	0.0012286
250	0.00146528
350	0.00192527
450	0.00150239
550	0.00171211
650	0.00333855
750	0.00214928
850	0.00234986
950	0.00256773
1000	0.00299643
1050	0.00332538
1100	0.00342973
1150	0.00352661
1200	0.00649124
1250	0.0037616
1300	0.00387785
1350	0.00397448
1400	0.00407974
1450	0.00419291
1500	0.00444624
1550	0.00475909
1600	0.00485334
1650	0.00497557
1700	0.00508793
1750	0.0051831
1800	0.00530026
1850	0.00540429
1900	0.00551845
1950	0.00561517
2000	0.00586999
2050	0.00617659
2100	0.0062975
2150	0.00640165
2200	0.00651655
2250	0.00660058
2300	0.00672486
2350	0.0068245
2400	0.0125311
2450	0.00696919
2500	0.00723244
2550	0.00753041
2600	0.00763028
2650	0.00775677
2700	0.0078612
2750	0.00796751
2800	0.00806453
2850	0.00816645
2900	0.00828977
2950	0.00839165
3000	0.00864784
3050	0.00896682
3100	0.00913143
3150	0.00925023
3200	0.00935646
3250	0.00944571
3300	0.00955171
3350	0.00962001
3400	0.00973504
3450	0.00983325
3500	0.0100891
3550	0.0103668
3600	0.010459
3650	0.0105653
3700	0.0106759
3750	0.010805
3800	0.0108947
3850	0.0110208
3900	0.011117
3950	0.0112559
4000	0.0114876
4050	0.0117959
4100	0.0119144
4150	0.0120044
4200	0.0120954
4250	0.0122354
4300	0.012366
4350	0.0124108
4400	0.0125278
4450	0.0126251
4500	0.0128886
4550	0.0132386
4600	0.0133393
4650	0.013426
4700	0.0248128
4750	0.0137438
4800	0.0138334
4850	0.0139439
4900	0.0140747
4950	0.0141893
5000	0.0144343
5050	0.0147168
5100	0.0148105
5150	0.0149735
5200	0.0150544
5250	0.015172
5300	0.0152707
5350	0.0154338
5400	0.0155096
5450	0.0156192
5500	0.0158437
5550	0.0161306
5600	0.0162813
5650	0.0163872
5700	0.0165276
5750	0.0167062
5800	0.0168005
5850	0.0168588
5900	0.0170139
5950	0.0171507
6000	0.0173203
6050	0.0175707
6100	0.0176539
6150	0.0178255
6200	0.0179464
6250	0.0180244
6300	0.0181624
6350	0.0182516
6400	0.0184266
6450	0.0184662
6500	0.0186978
6550	0.0189876
6600	0.0191332
6650	0.0191827
6700	0.0192965
6750	0.0194432
6800	0.0195426
6850	0.0196509
6900	0.0197747
6950	0.0198586
7000	0.0201603
7050	0.0204956
7100	0.02068
7150	0.0207488
7200	0.0208391
7250	0.0210386
7300	0.0210678
7350	0.0212199
7400	0.021235
7450	0.0213248
7500	0.0216278
7550	0.0218757
7600	0.0219296
7650	0.0220766
7700	0.0221978
7750	0.0223311
7800	0.0224283
7850	0.0225384
7900	0.0227084
7950	0.0228211
8000	0.0229768
8050	0.0232823
8100	0.0234054
8150	0.0234691
8200	0.0235975
8250	0.0236659
8300	0.023833
8350	0.0239199
8400	0.0240115
8450	0.0242496
8500	0.0244694
8550	0.0248439
8600	0.0249141
8650	0.0249683
8700	0.0250222
8750	0.0251554
8800	0.0252937
8850	0.0253754
8900	0.0254468
8950	0.0255665
9000	0.025845
9050	0.0261896
9100	0.0262499
9150	0.0263224
9200	0.0264195
9250	0.0265253
9300	0.0266862
9350	0.0489373
9400	0.0269437
9450	0.0270348
9500	0.0271818
9550	0.0274346
9600	0.0275516
9650	0.0277839
9700	0.0277643
9750	0.0278989
9800	0.0280182
9850	0.0280647
9900	0.0281862
9950	0.0282839
10000	0.0285417
10050	0.0288227
10100	0.0289763
10150	0.029057
10200	0.0291423
10250	0.0293199
10300	0.0294178
10350	0.0294451
10400	0.0296451
10450	0.0298281
10500	0.0300309
10550	0.0302541
10600	0.0303407
10650	0.0305071
10700	0.0305661
10750	0.0307043
10800	0.0307341
10850	0.0308735
10900	0.0310503
10950	0.0312062
11000	0.0313814
11050	0.0316483
11100	0.0318969
11150	0.031978
11200	0.0321301
11250	0.032183
11300	0.0323888
11350	0.0323604
11400	0.0325709
11450	0.0326358
11500	0.0328455
11550	0.0331802
11600	0.0332104
11650	0.0332359
11700	0.0333463
11750	0.0334671
11800	0.033653
11850	0.033719
11900	0.0339022
11950	0.0339112
12000	0.0341993
12050	0.0347039
12100	0.0348612
12150	0.0347764
12200	0.0349543
12250	0.0349344
12300	0.0351496
12350	0.0351394
12400	0.0353949
12450	0.0353373
12500	0.0356599
12550	0.0358791
12600	0.0360175
12650	0.0361104
12700	0.0363369
12750	0.036385
12800	0.0363998
12850	0.0366091
12900	0.036725
12950	0.0368548
13000	0.037209
13050	0.037619
13100	0.0376053
13150	0.0376198
13200	0.0378139
13250	0.0378482
13300	0.0380317
13350	0.0380724
13400	0.0382195
13450	0.0382396
13500	0.0384903
13550	0.0388344
13600	0.0389436
13650	0.0389978
13700	0.0393676
13750	0.0394121
13800	0.0394465
13850	0.0394844
13900	0.0396567
13950	0.0396792
14000	0.0398796
14050	0.0402689
14100	0.0403125
14150	0.0404717
14200	0.0408459
14250	0.0408923
14300	0.0408349
14350	0.0410993
14400	0.0410254
14450	0.0411144
14500	0.04142
14550	0.0416932
14600	0.0417915
14650	0.0419562
14700	0.0420643
14750	0.042251
14800	0.0422514
14850	0.0422533
14900	0.0424665
14950	0.0425717
15000	0.0428587
15050	0.0433677
15100	0.0434163
15150	0.0434106
15200	0.0435179
15250	0.0435861
15300	0.0436268
15350	0.0436657
15400	0.0437982
15450	0.0439052
15500	0.0442294
15550	0.0445539
15600	0.0445144
15650	0.0447913
15700	0.0448636
15750	0.0448597
15800	0.0452833
15850	0.0452333
15900	0.0453042
15950	0.0454318
16000	0.0455624
16050	0.0458686
16100	0.0459464
16150	0.0463286
16200	0.0463908
16250	0.0463959
16300	0.0466128
16350	0.0466038
16400	0.0466407
16450	0.0467971
16500	0.0470155
16550	0.0472621
16600	0.0473864
16650	0.0474754
16700	0.0476406
16750	0.047942
16800	0.0481302
16850	0.0481152
16900	0.0481503
16950	0.0482491
17000	0.0485029
17050	0.0486896
17100	0.0487302
17150	0.0489326
17200	0.0489848
17250	0.0491807
17300	0.0491867
17350	0.0493758
17400	0.0494485
17450	0.0495998
17500	0.0499117
17550	0.0501483
17600	0.0501663
17650	0.0504029
17700	0.0504624
17750	0.0506089
17800	0.0507182
17850	0.0508813
17900	0.0509418
17950	0.0510471
18000	0.0513504
18050	0.0515722
18100	0.0518005
18150	0.0516903
18200	0.0517955
18250	0.051924
18300	0.05199
18350	0.0521432
18400	0.0524121
18450	0.0524646
18500	0.0527884
18550	0.0531721
18600	0.0531344
18650	0.0976663
18700	0.0535242
18750	0.0537286
18800	0.0538352
18850	0.0540558
18900	0.0539654
18950	0.0542002
19000	0.0544609
19050	0.0547458
19100	0.0547348
19150	0.0548908
19200	0.0551046
19250	0.0553157
19300	0.0552045
19350	0.0553402
19400	0.0554378
19450	0.0555222
19500	0.055937
19550	0.0561903
19600	0.0562242
19650	0.0564233
19700	0.0564601
19750	0.0565523
19800	0.0566221
19850	0.0568245
19900	0.0569772
19950	0.0568566
20000	0.0573334
20050	0.0575969
20100	0.0576831
20150	0.0577425
20200	0.0579478
20250	0.0579938
20300	0.0580622
20350	0.0581403
20400	0.0584722
20450	0.0585454
20500	0.0587155
20550	0.0589155
20600	0.0590109
20650	0.0591124
20700	0.0591903
20750	0.0594569
20800	0.0595556
20850	0.0596181
20900	0.0596686
20950	0.0599561
21000	0.0601831
21050	0.0603654
21100	0.0604909
21150	0.0607296
21200	0.0607142
21250	0.0609745
21300	0.0609723
21350	0.0611895
21400	0.0614245
21450	0.0618155
21500	0.0616199
21550	0.0617766
21600	0.0618884
21650	0.062207
21700	0.0621216
21750	0.0623306
21800	0.0623764
21850	0.0626964
21900	0.0625729
21950	0.0626328
22000	0.0630754
22050	0.0634439
22100	0.0634404
22150	0.0634409
22200	0.0637747
22250	0.0636904
22300	0.0637971
22350	0.0640117
22400	0.0641785
22450	0.064181
22500	0.064386
22550	0.0646729
22600	0.0648282
22650	0.0653558
22700	0.065158
22750	0.0654486
22800	0.0651082
22850	0.0651631
22900	0.0654249
22950	0.0655013
23000	0.065827
23050	0.0661091
23100	0.0661779
23150	0.0666597
23200	0.0666531
23250	0.0667306
23300	0.0665584
23350	0.0667137
23400	0.0668925
23450	0.06707
23500	0.0673418
23550	0.0675237
23600	0.0676124
23650	0.0677115
23700	0.0678796
23750	0.0680503
23800	0.0680256
23850	0.0681953
23900	0.0682156
23950	0.0684155
24000	0.0687768
24050	0.0688843
24100	0.0689855
24150	0.0690933
24200	0.0693285
24250	0.0695099
24300	0.0695779
24350	0.0696802
24400	0.0696365
24450	0.0700886
24500	0.0700876
24550	0.0703774
24600	0.0706679
24650	0.0705165
24700	0.0706855
24750	0.0709203
24800	0.071044
24850	0.0711115
24900	0.0715259
24950	0.0715136
25000	0.0715108
25050	0.0722437
25100	0.0719017
25150	0.0722089
25200	0.0723607
25250	0.0723961
25300	0.0721832
25350	0.0724951
25400	0.0725901
25450	0.0727339
25500	0.0730117
