5	0.000385664
15	0.000667065
25	0.000356705
35	0.000142215
45	0.000340483
55	0.000184982
70	0.00023569
85	0.000623274
100	0.000302789
115	0.000334866
125	0.000450554
135	0.000430799
145	0.00045262
155	0.000862892
165	0.000491616
175	0.000520018
185	0.000568409
195	0.000590709
205	0.000612413
215	0.000632936
225	0.000654323
235	0.000711247
245	0.000734963
255	0.000752291
265	0.000774089
275	0.000818405
285	0.000859251
295	0.000880437
305	0.0015326
315	0.000923464
325	0.000940665
335	0.000995831
345	0.0010174
355	0.0010561
365	0.00107891
375	0.00108303
385	0.00113806
395	0.00116894
405	0.00118197
415	0.00122871
425	0.00123121
435	0.00128288
445	0.00130163
455	0.00132508
465	0.00134921
475	0.00138952
485	0.00143166
495	0.00144676
505	0.00147051
515	0.00149217
525	0.0015295
535	0.00157468
545	0.00159
555	0.00161317
565	0.00163134
575	0.00167428
585	0.0017179
595	0.00312677
605	0.00175442
615	0.00180024
625	0.001802
635	0.001854
645	0.00188016
655	0.0019088
665	0.00192629
675	0.00194641
685	0.00199422
695	0.00204292
705	0.00204433
715	0.00205482
725	0.0020902
735	0.00214829
745	0.0021657
755	0.00218704
765	0.00222536
775	0.00223631
785	0.00227668
795	0.00230546
805	0.00233828
815	0.00235075
825	0.0023708
835	0.00244722
845	0.00244962
855	0.00247744
865	0.00249426
875	0.00251769
885	0.00256907
895	0.0026039
905	0.00262112
915	0.00263452
925	0.00264839
935	0.00272841
945	0.00273156
955	0.00276537
965	0.00278216
975	0.00279666
985	0.00286287
995	0.00288329
1005	0.002897
1015	0.00293794
1025	0.00294944
1035	0.00298818
1045	0.00302839
1055	0.00303695
1065	0.00307617
1075	0.00307993
1085	0.00312982
1095	0.00316892
1105	0.00317182
1115	0.00321105
1125	0.00323888
1135	0.00327081
1145	0.00331958
1155	0.00332197
1165	0.00336452
1175	0.0062055
1185	0.00342189
1195	0.00343878
1205	0.00348557
1215	0.0034772
1225	0.00348874
1235	0.00355381
1245	0.0035713
1255	0.00362677
1265	0.00360913
1275	0.00364818
1285	0.00369606
1295	0.00373746
1305	0.00374028
1315	0.00376337
1325	0.00377488
1335	0.00386192
1345	0.00385466
1355	0.0038625
1365	0.00390735
1375	0.00394501
1385	0.00402028
1395	0.00398481
1405	0.00405661
1415	0.00408957
1425	0.00408776
1435	0.0041159
1445	0.00415388
1455	0.00418086
1465	0.00419252
1475	0.00420685
1485	0.00426725
1495	0.00434675
1505	0.0043342
1515	0.00434567
1525	0.00438207
1535	0.00444581
1545	0.00441313
1555	0.00446529
1565	0.00447355
1575	0.00452499
1585	0.00457385
1595	0.00458646
1605	0.00461449
1615	0.00461206
1625	0.00463389
1635	0.00468692
1645	0.00473015
1655	0.00472362
1665	0.00475065
1675	0.00480023
1685	0.00481612
1695	0.00484981
1705	0.00488836
1715	0.00488663
1725	0.00492286
1735	0.00496937
1745	0.00500969
1755	0.00500421
1765	0.00504294
1775	0.00506828
1785	0.00509823
1795	0.00515515
1805	0.00517209
1815	0.00516867
1825	0.00519912
1835	0.00527897
1845	0.00528355
1855	0.00529723
1865	0.00534349
1875	0.00534894
1885	0.00540802
1895	0.00544241
1905	0.00543265
1915	0.00546261
1925	0.00548956
1935	0.0055287
1945	0.00556623
1955	0.00560434
1965	0.00558342
1975	0.00563796
1985	0.00570335
1995	0.00568504
2005	0.0057428
2015	0.00575741
2025	0.00574591
2035	0.00583227
2045	0.0058558
2055	0.00585943
2065	0.00587919
2075	0.00593163
2085	0.00596426
2095	0.00600246
2105	0.0059959
2115	0.00604629
2125	0.00606883
2135	0.00608619
2145	0.00612371
2155	0.00616352
2165	0.00617822
2175	0.00621006
2185	0.0062319
2195	0.00628013
2205	0.00631037
2215	0.00631321
2225	0.00637207
2235	0.00642056
2245	0.0064303
2255	0.0064607
2265	0.00647263
2275	0.00652188
2285	0.00655109
2295	0.00658088
2305	0.00661846
2315	0.00664169
2325	0.00662006
2335	0.0124339
2345	0.00672991
2355	0.00675821
2365	0.00674338
2375	0.00677347
2385	0.00682011
2395	0.00686944
2405	0.0068991
2415	0.00689664
2425	0.00688495
2435	0.00696827
2445	0.00699274
2455	0.00703784
2465	0.00704105
2475	0.00704283
2485	0.00711373
2495	0.00711554
2505	0.00715362
2515	0.00716677
2525	0.00717518
2535	0.00724276
2545	0.00727018
2555	0.00729676
2565	0.00729704
2575	0.00733534
2585	0.00736675
2595	0.0074106
2605	0.00743522
2615	0.00744266
2625	0.00747155
2635	0.00753715
2645	0.00756934
2655	0.00756742
2665	0.00760879
2675	0.00765999
2685	0.00770246
2695	0.00770243
2705	0.00773089
2715	0.00771569
2725	0.00776218
2735	0.00782525
2745	0.00782866
2755	0.00784342
2765	0.00787061
2775	0.00790598
2785	0.00795399
2795	0.00799107
2805	0.00800059
2815	0.00801709
2825	0.00803528
2835	0.00813898
2845	0.00820086
2855	0.00818374
2865	0.00817112
2875	0.00821383
2885	0.00826327
2895	0.00827915
2905	0.00829687
2915	0.00832217
2925	0.00832281
2935	0.00839608
2945	0.00850223
2955	0.00846667
2965	0.00849921
2975	0.0084825
2985	0.00852764
2995	0.00860219
3005	0.00858224
3015	0.00861863
3025	0.00865632
3035	0.00869527
3045	0.00870575
3055	0.00876138
3065	0.00873737
3075	0.00873953
3085	0.00882871
3095	0.00884599
3105	0.00886319
3115	0.00886046
3125	0.00891091
3135	0.00895817
3145	0.00896561
3155	0.00900205
3165	0.00902427
3175	0.00903971
3185	0.00908069
3195	0.00914433
3205	0.00912548
3215	0.0091592
3225	0.00916459
3235	0.00923241
3245	0.00926487
3255	0.009291
3265	0.00929051
3275	0.00929719
3285	0.00935655
3295	0.0093818
3305	0.00941407
3315	0.00943136
3325	0.00945036
3335	0.00952095
3345	0.00953936
3355	0.00955899
3365	0.00957064
3375	0.00958709
3385	0.00966409
3395	0.00966983
3405	0.00969874
3415	0.00971138
3425	0.00975472
3435	0.00981839
3445	0.00985007
3455	0.00984723
3465	0.00989259
3475	0.00989448
3485	0.00994898
3495	0.0100234
3505	0.0099968
3515	0.0100109
3525	0.0101012
3535	0.0102025
3545	0.0101506
3555	0.0102379
3565	0.0102259
3575	0.0102335
3585	0.0102955
3595	0.0104096
3605	0.0103003
3615	0.0103697
3625	0.0103112
3635	0.0103786
3645	0.0104259
3655	0.0104292
3665	0.0105072
3675	0.0104744
3685	0.0105237
3695	0.0105517
3705	0.0105498
3715	0.0105396
3725	0.0106097
3735	0.0106343
3745	0.0106559
3755	0.0106979
3765	0.0107226
3775	0.0107355
3785	0.0107955
3795	0.0108206
3805	0.0108352
3815	0.0108665
3825	0.0108605
3835	0.0109395
3845	0.0109405
3855	0.0109777
3865	0.0110024
3875	0.0110224
3885	0.0110758
3895	0.0111043
3905	0.0111137
3915	0.0111626
3925	0.0111396
3935	0.0112136
3945	0.0112674
3955	0.0112985
3965	0.0113517
3975	0.0113377
3985	0.0113584
3995	0.0114284
4005	0.0114333
4015	0.0115196
4025	0.0115324
4035	0.0115207
4045	0.0115664
4055	0.0115235
4065	0.0115547
4075	0.0116032
4085	0.0116265
4095	0.0116754
4105	0.0116802
4115	0.0117203
4125	0.0118454
4135	0.0118435
4145	0.0118387
4155	0.01183
4165	0.0118727
4175	0.0118676
4185	0.0119427
4195	0.0119567
4205	0.0119781
4215	0.011997
4225	0.0120044
4235	0.0120693
4245	0.0120864
4255	0.0121194
4265	0.0121065
4275	0.0121919
4285	0.0121958
4295	0.0122535
4305	0.0122247
4315	0.0122959
4325	0.0122817
4335	0.0123923
4345	0.0123777
4355	0.0124748
4365	0.0124444
4375	0.0125175
4385	0.0124938
4395	0.0125532
4405	0.0125786
4415	0.0125805
4425	0.0126087
4435	0.0126531
4445	0.0126857
4455	0.0127816
4465	0.0127234
4475	0.0127448
4485	0.012796
4495	0.0127896
4505	0.0128379
4515	0.0128198
4525	0.0128631
4535	0.0129087
4545	0.0129605
4555	0.0129762
4565	0.0129724
4575	0.0130028
4585	0.0130401
4595	0.0130837
4605	0.0130719
4615	0.0131018
4625	0.0131383
4635	0.0131935
4645	0.0132313
4655	0.013209
4665	0.0244741
4675	0.0132795
4685	0.0134269
4695	0.0133927
4705	0.0134538
4715	0.0134103
4725	0.0134426
4735	0.0134902
4745	0.0135401
4755	0.0136398
4765	0.0135775
4775	0.0136334
4785	0.0138337
4795	0.0137633
4805	0.013777
4815	0.0137102
4825	0.0136909
4835	0.0137876
4845	0.0137876
4855	0.013791
4865	0.0138294
4875	0.0138404
4885	0.013907
4895	0.0139329
4905	0.0139325
4915	0.0139699
4925	0.0139764
4935	0.0140256
4945	0.0140696
4955	0.0140872
4965	0.0141416
4975	0.0141538
4985	0.0141686
4995	0.0142294
5005	0.0142362
5015	0.0142606
5025	0.0142656
5035	0.0143168
5045	0.0143331
5055	0.0143934
5065	0.0143962
5075	0.0144113
5085	0.0145165
5095	0.0145445
5105	0.014525
5115	0.014549
5125	0.0145862
5135	0.0146405
5145	0.0146913
5155	0.0146994
5165	0.0146946
5175	0.0147502
5185	0.0147729
5195	0.0148047
5205	0.0148026
5215	0.0148151
5225	0.0148166
5235	0.014891
5245	0.014933
5255	0.0149413
5265	0.0149459
5275	0.0149886
5285	0.015026
5295	0.0150615
5305	0.0150563
5315	0.015103
5325	0.0151756
5335	0.015275
5345	0.0152027
5355	0.0152358
5365	0.0152425
5375	0.0152717
5385	0.0153234
5395	0.0153421
5405	0.015384
5415	0.0155586
5425	0.0155089
5435	0.0156075
5445	0.0155608
5455	0.0155307
5465	0.0155637
5475	0.0155648
5485	0.0156392
5495	0.0156328
5505	0.0156482
5515	0.0156585
5525	0.0157141
5535	0.0157517
5545	0.0157862
5555	0.0157815
5565	0.0158537
5575	0.0158439
5585	0.0159031
5595	0.0159447
5605	0.0159462
5615	0.0161272
5625	0.0160106
5635	0.0160484
5645	0.0160455
5655	0.0160639
5665	0.016131
5675	0.0161448
5685	0.0161781
5695	0.0162033
5705	0.0162333
5715	0.0162349
5725	0.0163156
5735	0.0163425
5745	0.0164208
5755	0.0163897
5765	0.016495
5775	0.0164812
5785	0.0165768
5795	0.0165487
5805	0.0165997
5815	0.0165734
5825	0.0166027
5835	0.0166067
5845	0.0166174
5855	0.0166367
5865	0.0166754
5875	0.0166778
5885	0.0167341
5895	0.0168097
5905	0.0167988
5915	0.0168692
5925	0.0168198
5935	0.0169075
5945	0.0169297
5955	0.0169366
5965	0.0169562
5975	0.0170783
5985	0.0170647
5995	0.0170738
6005	0.0171577
6015	0.0171447
6025	0.0171629
6035	0.0173163
6045	0.0173466
6055	0.0172934
6065	0.0173451
6075	0.0173286
6085	0.0174229
6095	0.0173854
6105	0.0173509
6115	0.0173544
6125	0.0173977
6135	0.0174363
6145	0.0174892
6155	0.0176426
6165	0.0175661
6175	0.0176166
6185	0.0177023
6195	0.0177205
6205	0.0177418
6215	0.0177909
6225	0.0177255
6235	0.0177915
6245	0.0177632
6255	0.0178153
6265	0.01783
6275	0.0178389
6285	0.0178925
6295	0.0178972
6305	0.0180117
6315	0.0180016
6325	0.0179907
6335	0.0180563
6345	0.0180871
6355	0.0181089
6365	0.0180963
6375	0.0181732
6385	0.0181722
6395	0.0181889
6405	0.0181809
6415	0.0181948
6425	0.0182074
6435	0.0183166
6445	0.0183086
6455	0.0183534
6465	0.0183652
6475	0.0183861
6485	0.0184298
6495	0.0184566
6505	0.0184966
6515	0.0185048
6525	0.0185966
6535	0.0186176
6545	0.018617
6555	0.0186346
6565	0.0186535
6575	0.0186888
6585	0.0189047
6595	0.0188698
6605	0.0188074
6615	0.0188357
6625	0.0188404
6635	0.0189494
6645	0.0189003
6655	0.019009
6665	0.0189456
6675	0.0189838
6685	0.0190415
6695	0.0190362
6705	0.0190892
6715	0.0190564
6725	0.0190974
6735	0.0191266
6745	0.0192325
6755	0.0192123
6765	0.0192924
6775	0.0192435
6785	0.0192986
6795	0.0193346
6805	0.0193451
6815	0.0194827
6825	0.0194604
6835	0.0195577
6845	0.0195446
6855	0.0195961
6865	0.0196228
6875	0.0196954
6885	0.0197439
6895	0.0197371
6905	0.019756
6915	0.0196793
6925	0.0196932
6935	0.0197734
6945	0.0197367
6955	0.0197906
6965	0.0198094
6975	0.0197967
6985	0.0198356
6995	0.0198934
7005	0.0199035
7015	0.0199147
7025	0.0199378
7035	0.0199649
7045	0.0200069
7055	0.0200161
7065	0.0201068
7075	0.0201238
7085	0.0202056
7095	0.0202665
7105	0.0202552
7115	0.0202219
7125	0.0202821
7135	0.0202953
7145	0.0203781
7155	0.0203397
7165	0.0203106
7175	0.0203725
7185	0.0203794
7195	0.020421
7205	0.0204572
7215	0.0207405
7225	0.0205358
7235	0.0206105
7245	0.0206152
7255	0.0206596
7265	0.020633
7275	0.0206562
7285	0.0207078
7295	0.0209024
7305	0.0208617
7315	0.0208851
7325	0.0210048
7335	0.0210184
7345	0.0208858
7355	0.0209644
7365	0.0209572
7375	0.0210998
7385	0.0210639
7395	0.0210598
7405	0.0210026
7415	0.0210752
7425	0.0210501
7435	0.0212506
7445	0.0212084
7455	0.0211898
7465	0.0212224
7475	0.0212228
7485	0.021251
7495	0.0212669
7505	0.0213091
7515	0.021323
7525	0.0213619
7535	0.0214392
7545	0.0214556
7555	0.0214988
7565	0.0215881
7575	0.0215426
7585	0.0216457
7595	0.0215748
7605	0.021677
7615	0.0216647
7625	0.0216086
7635	0.0216702
7645	0.0217517
7655	0.0218165
7665	0.021896
7675	0.0219472
7685	0.021991
7695	0.0220194
7705	0.0220854
7715	0.0220433
7725	0.0219756
7735	0.022024
7745	0.0220413
7755	0.0220012
7765	0.0220364
7775	0.0220768
7785	0.022192
7795	0.0223461
7805	0.0222175
7815	0.0222033
7825	0.0222782
7835	0.0223938
7845	0.0224392
7855	0.0223404
7865	0.022462
7875	0.0224919
7885	0.0224781
7895	0.0225792
7905	0.0225182
7915	0.0225243
7925	0.022554
7935	0.0225321
7945	0.0226523
7955	0.0226371
7965	0.0226038
7975	0.0226356
7985	0.0226658
7995	0.0227051
8005	0.022737
8015	0.0228332
8025	0.0228634
8035	0.0228511
8045	0.0229159
8055	0.0229304
8065	0.0229007
8075	0.0229463
8085	0.0229849
8095	0.0229798
8105	0.0230308
8115	0.0230231
8125	0.0231258
8135	0.0232821
8145	0.0233683
8155	0.0233225
8165	0.0232833
8175	0.0232389
8185	0.0233211
8195	0.0232898
8205	0.0232965
8215	0.0233421
8225	0.0233638
8235	0.0235391
8245	0.0235847
8255	0.0236474
8265	0.0236561
8275	0.0237099
8285	0.0237778
8295	0.0236386
8305	0.0236152
8315	0.0236547
8325	0.0236622
8335	0.0237674
8345	0.0237645
8355	0.0237366
8365	0.0237358
8375	0.0237988
8385	0.0238037
8395	0.0238268
8405	0.0238454
8415	0.0238903
8425	0.0239295
8435	0.0240055
8445	0.0240409
8455	0.024041
8465	0.0241441
8475	0.0240793
8485	0.0241987
8495	0.0241571
8505	0.024137
8515	0.0241997
8525	0.0242219
8535	0.0242466
8545	0.0242791
8555	0.0242641
8565	0.0243399
8575	0.0244815
8585	0.0244461
8595	0.0244029
8605	0.0244592
8615	0.0244493
8625	0.0245734
8635	0.0246066
8645	0.0248047
8655	0.0247964
8665	0.0247475
8675	0.0248016
8685	0.0247606
8695	0.0248341
8705	0.0248185
8715	0.0247596
8725	0.0247916
8735	0.0248751
8745	0.0248622
8755	0.0248439
8765	0.024984
8775	0.0250173
8785	0.0251207
8795	0.0250754
8805	0.025053
8815	0.0250611
8825	0.0250612
8835	0.0252093
8845	0.0252451
8855	0.0252603
8865	0.0252046
8875	0.0252387
8885	0.0252982
8895	0.0252582
8905	0.0252918
8915	0.0252722
8925	0.0253135
8935	0.0254005
8945	0.0254085
8955	0.0254251
8965	0.025456
8975	0.0254862
8985	0.025531
8995	0.025547
9005	0.0255499
9015	0.0255792
9025	0.0256185
9035	0.0257635
9045	0.0257719
9055	0.0257608
9065	0.0259768
9075	0.0258798
9085	0.0260492
9095	0.0259871
9105	0.0260845
9115	0.0260485
9125	0.0259905
9135	0.0260043
9145	0.0259612
9155	0.0260103
9165	0.0259888
9175	0.0261347
9185	0.0261234
9195	0.0261058
9205	0.026164
9215	0.0261869
9225	0.0262974
9235	0.0262824
9245	0.0264021
9255	0.0265017
9265	0.0264758
9275	0.026533
9285	0.0264883
9295	0.0264191
9305	0.0264717
9315	0.0264697
9325	0.048896
9335	0.0264968
9345	0.026495
9355	0.0265224
9365	0.0265501
9375	0.026567
9385	0.0266345
9395	0.0266525
9405	0.0268055
9415	0.0268283
9425	0.0267506
9435	0.0269161
9445	0.0269152
9455	0.0268849
9465	0.0269832
9475	0.0270296
9485	0.0270613
9495	0.0271603
9505	0.0270132
9515	0.0270899
9525	0.0270514
9535	0.027043
9545	0.0271002
9555	0.0271099
9565	0.0271424
9575	0.0272438
9585	0.0274215
9595	0.0274392
9605	0.0274841
9615	0.0274216
9625	0.0273766
9635	0.0275091
9645	0.0273965
9655	0.0273909
9665	0.0274327
9675	0.0274301
9685	0.02747
9695	0.027492
9705	0.0275204
9715	0.0275374
9725	0.0275518
9735	0.027632
9745	0.0276219
9755	0.0276365
9765	0.0276934
9775	0.0278681
9785	0.0278424
9795	0.0278301
9805	0.0278745
9815	0.0279449
9825	0.027871
9835	0.0278918
9845	0.0279632
9855	0.0280732
9865	0.0279599
9875	0.0280362
9885	0.028036
9895	0.0280943
9905	0.0280829
9915	0.0283224
9925	0.0283177
9935	0.0283907
9945	0.0283844
9955	0.0284637
9965	0.0283611
9975	0.0284015
9985	0.0284347
9995	0.0284081
10005	0.0283433
10015	0.0284295
